============================= test session starts ==============================
platform darwin -- Python 3.11.8, pytest-8.4.0, pluggy-1.6.0 -- /Users/nicholasbaro/Python/semant/venv/bin/python3.11
cachedir: .pytest_cache
rootdir: /Users/nicholasbaro/Python/semant
configfile: pytest.ini
plugins: anyio-4.9.0, cov-4.1.0, langsmith-0.3.43, mock-3.12.0, asyncio-1.0.0
asyncio: mode=Mode.AUTO, asyncio_default_fixture_loop_scope=function, asyncio_default_test_loop_scope=function
collecting ... collected 243 items

tests/agents/test_code_review_agent.py::test_agent_initialization PASSED [  0%]
tests/agents/test_code_review_agent.py::test_code_review_basic_functionality PASSED [  0%]
tests/agents/test_code_review_agent.py::test_code_review_error_handling PASSED [  1%]
tests/agents/test_code_review_agent.py::test_analysis_functions_mocked PASSED [  1%]
tests/agents/test_code_review_agent.py::test_scoring_and_recommendations PASSED [  2%]
tests/agents/test_code_review_agent.py::test_message_processing_basic PASSED [  2%]
tests/test_agent_factory.py::test_create_agent PASSED                    [  2%]
tests/test_agent_factory.py::test_create_capability_agent PASSED         [  3%]
tests/test_agent_factory.py::test_agent_initialization PASSED            [  3%]
tests/test_agent_factory.py::test_agent_capability_management PASSED     [  4%]
tests/test_agent_integrator.py::test_register_agent FAILED               [  4%]
tests/test_agent_integrator.py::test_route_message FAILED                [  4%]
tests/test_agent_integrator.py::test_broadcast_message FAILED            [  5%]
tests/test_agent_integrator.py::test_get_agent_status FAILED             [  5%]
tests/test_agent_integrator.py::test_get_all_agent_statuses FAILED       [  6%]
tests/test_agent_integrator.py::test_knowledge_graph_updates FAILED      [  6%]
tests/test_agent_integrator.py::test_knowledge_graph_queries FAILED      [  6%]
tests/test_agent_integrator.py::test_process_message_called_during_routing FAILED [  7%]
tests/test_agent_recovery.py::test_agent_recovery PASSED                 [  7%]
tests/test_agent_recovery.py::test_agent_recovery_success PASSED         [  8%]
tests/test_agent_recovery.py::test_agent_recovery_failure PASSED         [  8%]
tests/test_agent_recovery.py::test_agent_recovery_timeout PASSED         [  9%]
tests/test_agent_recovery.py::test_max_recovery_attempts PASSED          [  9%]
tests/test_agent_recovery.py::test_role_recovery PASSED                  [  9%]
tests/test_agent_recovery.py::test_knowledge_graph_integration PASSED    [ 10%]
tests/test_agent_recovery.py::test_recovery_strategies PASSED            [ 10%]
tests/test_agent_recovery.py::test_recovery_strategy_metrics PASSED      [ 11%]
tests/test_agent_recovery.py::test_kg_initialization_failure PASSED      [ 11%]
tests/test_agent_recovery.py::test_kg_query_failure PASSED               [ 11%]
tests/test_agent_recovery.py::test_kg_update_failure PASSED              [ 12%]
tests/test_agent_recovery.py::test_kg_transaction_rollback PASSED        [ 12%]
tests/test_agent_recovery.py::test_kg_cache_invalidation PASSED          [ 13%]
tests/test_agents.py::TestBaseAgent::test_initialization PASSED          [ 13%]
tests/test_agents.py::TestBaseAgent::test_state_transitions PASSED       [ 13%]
tests/test_agents.py::TestBaseAgent::test_message_handling PASSED        [ 14%]
tests/test_agents.py::TestSensorAgent::test_process_message PASSED       [ 14%]
tests/test_agents.py::TestDataProcessorAgent::test_process_message PASSED [ 15%]
tests/test_agents.py::TestPromptAgent::test_prompt_generation PASSED     [ 15%]
tests/test_agents.py::TestPromptAgent::test_code_review PASSED           [ 16%]
tests/test_agents.py::TestPromptAgent::test_template_management PASSED   [ 16%]
tests/test_agents.py::TestPromptAgent::test_error_handling PASSED        [ 16%]
tests/test_capability_handling.py::test_capability_type_conversion FAILED [ 17%]
tests/test_capability_handling.py::test_capability_operations PASSED     [ 17%]
tests/test_capability_handling.py::test_registry_capability_handling FAILED [ 18%]
tests/test_capability_handling.py::test_capability_consistency FAILED    [ 18%]
tests/test_capability_handling.py::test_capability_edge_cases FAILED     [ 18%]
tests/test_capability_handling.py::test_capability_initialization PASSED [ 19%]
tests/test_capability_management.py::TestCapabilityManagement::test_add_capability PASSED [ 19%]
tests/test_capability_management.py::TestCapabilityManagement::test_remove_capability PASSED [ 20%]
tests/test_capability_management.py::TestCapabilityManagement::test_remove_nonexistent_capability PASSED [ 20%]
tests/test_capability_management.py::TestCapabilityManagement::test_knowledge_graph_updates PASSED [ 20%]
tests/test_capability_management.py::TestCapabilityManagement::test_capability_conflicts PASSED [ 21%]
tests/test_capability_management.py::TestCapabilityManagement::test_capability_dependencies PASSED [ 21%]
tests/test_chat_endpoint.py::test_chat_endpoint PASSED                   [ 22%]
tests/test_chat_endpoint.py::test_chat_with_history PASSED               [ 22%]
tests/test_chat_endpoint.py::test_chat_help_message PASSED               [ 23%]
tests/test_consulting_agents.py::test_engagement_initialization FAILED   [ 23%]
tests/test_consulting_agents.py::test_strategy_development FAILED        [ 23%]
tests/test_consulting_agents.py::test_implementation_planning FAILED     [ 24%]
tests/test_consulting_agents.py::test_value_framework_development FAILED [ 24%]
tests/test_consulting_agents.py::test_end_to_end_engagement FAILED       [ 25%]
tests/test_consulting_agents.py::test_knowledge_graph_consistency FAILED [ 25%]
tests/test_consulting_agents.py::test_agent_diary_functionality FAILED   [ 25%]
tests/test_consulting_agents.py::test_agent_diary_in_knowledge_graph FAILED [ 26%]
tests/test_dynamic_agents.py::test_agent_initialization ERROR            [ 26%]
tests/test_dynamic_agents.py::test_capability_tracking ERROR             [ 27%]
tests/test_dynamic_agents.py::test_knowledge_graph_operations ERROR      [ 27%]
tests/test_dynamic_agents.py::test_agent_creation FAILED                 [ 27%]
tests/test_dynamic_agents.py::test_role_delegation FAILED                [ 28%]
tests/test_dynamic_agents.py::test_agent_scaling FAILED                  [ 28%]
tests/test_dynamic_agents.py::test_supervisor_agent FAILED               [ 29%]
tests/test_dynamic_agents.py::test_workload_monitoring FAILED            [ 29%]
tests/test_email_send.py::test_email FAILED                              [ 30%]
tests/test_graph_monitoring.py::test_stats_collection FAILED             [ 30%]
tests/test_graph_monitoring.py::test_timestamp_tracking PASSED           [ 30%]
tests/test_graph_monitoring.py::test_cache_monitoring FAILED             [ 31%]
tests/test_graph_monitoring.py::test_index_monitoring PASSED             [ 31%]
tests/test_graph_monitoring.py::test_performance_monitoring FAILED       [ 32%]
tests/test_graph_optimizations.py::test_knowledge_graph_manager_add_triple PASSED [ 32%]
tests/test_graph_optimizations.py::test_knowledge_graph_manager_timestamp_tracking PASSED [ 32%]
tests/test_graph_optimizations.py::test_async_lru_cache PASSED           [ 33%]
tests/test_graph_optimizations.py::test_triple_indexing PASSED           [ 33%]
tests/test_graph_optimizations.py::test_concurrent_operations PASSED     [ 34%]
tests/test_graph_optimizations.py::test_cache_invalidation PASSED        [ 34%]
tests/test_graph_performance.py::test_query_performance PASSED           [ 34%]
tests/test_graph_performance.py::test_concurrent_query_performance PASSED [ 35%]
tests/test_graph_performance.py::test_indexing_performance PASSED        [ 35%]
tests/test_graph_performance.py::test_cache_eviction_performance PASSED  [ 36%]
tests/test_graph_performance.py::test_memory_usage PASSED                [ 36%]
tests/test_graphdb_integration.py::test_graphdb_connection PASSED        [ 37%]
tests/test_graphdb_integration.py::test_add_and_query_triple PASSED      [ 37%]
tests/test_graphdb_integration.py::test_reasoner_with_graphdb PASSED     [ 37%]
tests/test_graphdb_integration.py::test_traverse_knowledge_graph PASSED  [ 38%]
tests/test_implementation_guide.py::test_pdf_exists[Data Collected During Interactions.pdf] PASSED [ 38%]
tests/test_implementation_guide.py::test_pdf_exists[Self-Assembling AI Agent Architectures for Dynamic Corporate Knowledge Systems.pdf] PASSED [ 39%]
tests/test_implementation_guide.py::test_pdf_exists[Agent Initialization Prompt for a Multi-Agent Knowledge Graph System.pdf] PASSED [ 39%]
tests/test_implementation_guide.py::test_pdf_exists[Judge Agent System Initialization.pdf] PASSED [ 39%]
tests/test_implementation_guide.py::test_pdf_exists[Analysis of the Cohort Definition RDF File and Knowledge Graph Integration.pdf] PASSED [ 40%]
tests/test_implementation_guide.py::test_pdf_exists[Comparable Multi-Agent Knowledge-Graph Systems.pdf] PASSED [ 40%]
tests/test_implementation_guide.py::test_pdf_header[Data Collected During Interactions.pdf] PASSED [ 41%]
tests/test_implementation_guide.py::test_pdf_header[Self-Assembling AI Agent Architectures for Dynamic Corporate Knowledge Systems.pdf] PASSED [ 41%]
tests/test_implementation_guide.py::test_pdf_header[Agent Initialization Prompt for a Multi-Agent Knowledge Graph System.pdf] PASSED [ 41%]
tests/test_implementation_guide.py::test_pdf_header[Judge Agent System Initialization.pdf] PASSED [ 42%]
tests/test_implementation_guide.py::test_pdf_header[Analysis of the Cohort Definition RDF File and Knowledge Graph Integration.pdf] PASSED [ 42%]
tests/test_implementation_guide.py::test_pdf_header[Comparable Multi-Agent Knowledge-Graph Systems.pdf] PASSED [ 43%]
tests/test_integration_management.py::test_integration_management ERROR  [ 43%]
tests/test_integration_management.py::test_module_management ERROR       [ 44%]
tests/test_integration_management.py::test_integration_metrics ERROR     [ 44%]
tests/test_knowledge_graph.py::test_knowledge_graph_initialization PASSED [ 44%]
tests/test_knowledge_graph.py::test_agent_knowledge_graph_access PASSED  [ 45%]
tests/test_knowledge_graph.py::test_knowledge_graph_updates PASSED       [ 45%]
tests/test_knowledge_graph.py::test_knowledge_graph_validation PASSED    [ 46%]
tests/test_knowledge_graph.py::test_triple_addition PASSED               [ 46%]
tests/test_knowledge_graph.py::test_graph_update PASSED                  [ 46%]
tests/test_knowledge_graph.py::test_graph_query PASSED                   [ 47%]
tests/test_knowledge_graph.py::test_semantic_relationships PASSED        [ 47%]
tests/test_knowledge_graph.py::test_complex_query_patterns PASSED        [ 48%]
tests/test_knowledge_graph.py::test_load_ontology PASSED                 [ 48%]
tests/test_knowledge_graph.py::test_load_sample_data PASSED              [ 48%]
tests/test_knowledge_graph.py::test_initialize_graph PASSED              [ 49%]
tests/test_knowledge_graph.py::test_add_triple PASSED                    [ 49%]
tests/test_knowledge_graph.py::test_query_graph PASSED                   [ 50%]
tests/test_knowledge_graph.py::test_performance_metrics PASSED           [ 50%]
tests/test_knowledge_graph.py::test_type_conversion PASSED               [ 51%]
tests/test_knowledge_graph.py::test_cache_metrics PASSED                 [ 51%]
tests/test_knowledge_graph.py::test_clear_metrics PASSED                 [ 51%]
tests/test_knowledge_graph.py::test_subclass_reasoning_sensors PASSED    [ 52%]
tests/test_knowledge_graph.py::test_average_sensor_reading_per_machine PASSED [ 52%]
tests/test_knowledge_graph.py::test_high_alert_sensors PASSED            [ 53%]
tests/test_knowledge_graph.py::test_machine_status_summary PASSED        [ 53%]
tests/test_knowledge_graph.py::test_query_no_data PASSED                 [ 53%]
tests/test_knowledge_graph.py::test_high_risk_machines PASSED            [ 54%]
tests/test_knowledge_graph.py::test_machine_risk_scoring PASSED          [ 54%]
tests/test_knowledge_graph.py::test_graph_versioning PASSED              [ 55%]
tests/test_knowledge_graph.py::test_graph_security PASSED                [ 55%]
tests/test_knowledge_graph.py::test_graph_validation PASSED              [ 55%]
tests/test_knowledge_graph.py::test_selective_cache_invalidation PASSED  [ 56%]
tests/test_knowledge_graph.py::test_enhanced_metrics PASSED              [ 56%]
tests/test_knowledge_graph.py::test_agentic_ontology_loading PASSED      [ 57%]
tests/test_knowledge_graph.py::test_kg_manager_cleanup PASSED            [ 57%]
tests/test_knowledge_graph.py::test_kg_manager_caching PASSED            [ 58%]
tests/test_knowledge_graph.py::test_kg_manager_cache_invalidation PASSED [ 58%]
tests/test_knowledge_graph.py::test_kg_manager_cache_ttl PASSED          [ 58%]
tests/test_knowledge_graph.py::test_kg_manager_concurrent_access PASSED  [ 59%]
tests/test_knowledge_graph.py::test_kg_manager_error_handling PASSED     [ 59%]
tests/test_knowledge_graph.py::test_kg_manager_metrics PASSED            [ 60%]
tests/test_knowledge_graph.py::test_kg_manager_bulk_operations PASSED    [ 60%]
tests/test_main_api.py::test_investigate PASSED                          [ 60%]
tests/test_main_api.py::test_traverse PASSED                             [ 61%]
tests/test_main_api.py::test_feedback PASSED                             [ 61%]
tests/test_performance.py::TestPerformance::test_message_processing_performance ERROR [ 62%]
tests/test_performance.py::TestPerformance::test_concurrent_operations ERROR [ 62%]
tests/test_performance.py::TestPerformance::test_resource_usage ERROR    [ 62%]
tests/test_performance.py::TestPerformance::test_recovery_performance ERROR [ 63%]
tests/test_prompt_agent.py::TestPromptAgent::test_prompt_generation FAILED [ 63%]
tests/test_prompt_agent.py::TestPromptAgent::test_knowledge_graph_integration FAILED [ 64%]
tests/test_prompt_agent.py::TestPromptAgent::test_prompt_validation FAILED [ 64%]
tests/test_prompt_agent.py::TestPromptAgent::test_prompt_metrics FAILED  [ 65%]
tests/test_reasoner.py::test_investigate_research_topic FAILED           [ 65%]
tests/test_reasoner.py::test_find_topic_entries FAILED                   [ 65%]
tests/test_reasoner.py::test_find_related_papers FAILED                  [ 66%]
tests/test_reasoner.py::test_extract_key_insights FAILED                 [ 66%]
tests/test_reasoner.py::test_calculate_confidence PASSED                 [ 67%]
tests/test_reasoner.py::test_traverse_knowledge_graph FAILED             [ 67%]
tests/test_reasoner.py::test_find_related_concepts PASSED                [ 67%]
tests/test_remote_graph_manager.py::test_query_graph PASSED              [ 68%]
tests/test_remote_graph_manager.py::test_update_graph PASSED             [ 68%]
tests/test_remote_graph_manager.py::test_import_graph PASSED             [ 69%]
tests/test_remote_graph_manager.py::test_remote_graph_manager_integration PASSED [ 69%]
tests/test_research_agent.py::test_initialize PASSED                     [ 69%]
tests/test_research_agent.py::test_process_message FAILED                [ 70%]
tests/test_research_agent.py::test_test_agent_initialization FAILED      [ 70%]
tests/test_research_agent.py::test_test_agent_message_history FAILED     [ 71%]
tests/test_research_agent.py::test_test_agent_knowledge_graph FAILED     [ 71%]
tests/test_research_agent.py::test_process_message_without_topic FAILED  [ 72%]
tests/test_research_agent.py::test_process_message_with_topic FAILED     [ 72%]
tests/test_research_agent.py::test_query_knowledge_graph_without_topic PASSED [ 72%]
tests/test_research_agent.py::test_query_knowledge_graph_with_topic PASSED [ 73%]
tests/test_research_agent.py::test_update_knowledge_graph PASSED         [ 73%]
tests/test_research_agent.py::test_confidence_scoring FAILED             [ 74%]
tests/test_research_agent.py::test_evidence_tracking FAILED              [ 74%]
tests/test_research_agent.py::test_multiple_research_paths FAILED        [ 74%]
tests/test_research_agent.py::test_error_handling FAILED                 [ 75%]
tests/test_research_agent.py::test_reasoner_integration FAILED           [ 75%]
tests/test_research_agent.py::test_research_findings_persistence FAILED  [ 76%]
tests/test_security_audit.py::test_security_levels ERROR                 [ 76%]
tests/test_security_audit.py::test_audit_logging ERROR                   [ 76%]
tests/test_security_audit.py::test_security_metrics ERROR                [ 77%]
tests/test_vertex_auth.py::test_credentials FAILED                       [ 77%]
tests/test_vertex_auth.py::test_vertex_initialization FAILED             [ 78%]
tests/test_vertex_auth.py::test_model_access FAILED                      [ 78%]
tests/test_vertex_email.py::test_vertex_email PASSED                     [ 79%]
tests/test_vertex_integration.py::test_vertex_initialization FAILED      [ 79%]
tests/test_vertex_integration.py::test_email_enhancement PASSED          [ 79%]
tests/test_vertex_integration.py::test_message_processing PASSED         [ 80%]
tests/test_vertex_integration.py::test_invalid_message_type FAILED       [ 80%]
tests/test_vertex_integration.py::test_knowledge_graph_integration FAILED [ 81%]
tests/test_vertex_integration.py::test_error_handling FAILED             [ 81%]
tests/test_vertex_integration.py::test_empty_subject_and_body FAILED     [ 81%]
tests/test_vertex_integration.py::test_credentials FAILED                [ 82%]
tests/test_vertex_integration.py::test_model_access FAILED               [ 82%]
tests/test_workflow_manager.py::test_agent_registration ERROR            [ 83%]
tests/test_workflow_manager.py::test_workflow_creation FAILED            [ 83%]
tests/test_workflow_manager.py::test_workflow_assembly FAILED            [ 83%]
tests/test_workflow_manager.py::test_workflow_execution ERROR            [ 84%]
tests/test_workflow_manager.py::test_workflow_supervision ERROR          [ 84%]
tests/test_workflow_manager.py::test_workflow_validation FAILED          [ 85%]
tests/test_workflow_manager.py::test_load_balancing FAILED               [ 85%]
tests/test_workflow_manager.py::test_workflow_metrics FAILED             [ 86%]
tests/test_workflow_manager.py::test_registry_state_consistency FAILED   [ 86%]
tests/test_workflow_manager.py::test_concurrent_registration_and_assembly FAILED [ 86%]
tests/test_workflow_manager.py::test_registry_recovery FAILED            [ 87%]
tests/test_workflow_manager.py::test_capability_conflicts FAILED         [ 87%]
tests/test_workflow_manager.py::test_registry_persistence FAILED         [ 88%]
tests/test_workflow_manager.py::test_anomaly_detection_workflow ERROR    [ 88%]
tests/test_workflow_manager.py::test_workflow_dependency_execution ERROR [ 88%]
tests/test_workflow_manager.py::test_workflow_timeout_handling ERROR     [ 89%]
tests/test_workflow_manager.py::test_workflow_error_recovery ERROR       [ 89%]
tests/test_workflow_manager.py::test_transaction_atomicity FAILED        [ 90%]
tests/test_workflow_manager.py::test_retry_logic FAILED                  [ 90%]
tests/test_workflow_manager.py::test_concurrent_transactions FAILED      [ 90%]
tests/test_workflow_manager.py::test_transaction_timeout FAILED          [ 91%]
tests/test_workflow_persistence.py::test_workflow_persistence_save_load PASSED [ 91%]
tests/test_workflow_persistence.py::test_workflow_persistence_versioning FAILED [ 92%]
tests/test_workflow_persistence.py::test_workflow_persistence_recovery FAILED [ 92%]
tests/test_workflow_persistence.py::test_workflow_monitoring FAILED      [ 93%]
tests/test_workflow_persistence.py::test_workflow_alerts PASSED          [ 93%]
tests/test_workflow_persistence.py::test_workflow_manager_integration FAILED [ 93%]
tests/unit/test_additional_agents.py::test_diary_write_and_query PASSED  [ 94%]
tests/unit/test_additional_agents.py::test_diary_agent PASSED            [ 94%]
tests/unit/test_additional_agents.py::test_judge_evaluates_email PASSED  [ 95%]
tests/unit/test_additional_agents.py::test_simple_agents_response PASSED [ 95%]
tests/unit/test_additional_agents.py::test_simple_agents_knowledge_graph PASSED [ 95%]
tests/unit/test_corporate_knowledge_agent.py::test_agent_initialization PASSED [ 96%]
tests/unit/test_corporate_knowledge_agent.py::test_document_ingest PASSED [ 96%]
tests/unit/test_corporate_knowledge_agent.py::test_knowledge_query PASSED [ 97%]
tests/unit/test_corporate_knowledge_agent.py::test_document_update PASSED [ 97%]
tests/unit/test_corporate_knowledge_agent.py::test_unknown_message_type PASSED [ 97%]
tests/unit/test_judge_agent.py::test_judge_evaluates_email ERROR         [ 98%]
tests/unit/test_test_agents.py::test_test_agent_initialization FAILED    [ 98%]
tests/unit/test_test_agents.py::test_test_agent_process_message FAILED   [ 99%]
tests/unit/test_test_agents.py::test_test_agent_update_knowledge_graph PASSED [ 99%]
tests/unit/test_vertex_email_agent.py::test_send_email PASSED            [100%]

==================================== ERRORS ====================================
_________________ ERROR at setup of test_agent_initialization __________________

factory = <agents.core.agent_factory.AgentFactory object at 0x12667fa90>

    @pytest_asyncio.fixture
    async def test_agent(factory):
        """Create a test agent with mixed capability types."""
        capabilities = {
            Capability("custom_capability", "A custom capability"),
            CapabilityType.KNOWLEDGE_GRAPH,
            CapabilityType.MESSAGE_PROCESSING
        }
>       agent = await factory.create_agent("test_agent", "test", capabilities)
                ^^^^^^^^^^^^^^^^^^^^^^^^^^^^^^^^^^^^^^^^^^^^^^^^^^^^^^^^^^^^^^

tests/test_dynamic_agents.py:72: 
_ _ _ _ _ _ _ _ _ _ _ _ _ _ _ _ _ _ _ _ _ _ _ _ _ _ _ _ _ _ _ _ _ _ _ _ _ _ _ _ 

self = <agents.core.agent_factory.AgentFactory object at 0x12667fa90>
agent_type = 'test_agent', agent_id = 'test'
capabilities = {<CapabilityType.KNOWLEDGE_GRAPH: 'knowledge_graph'>, <[AttributeError("'str' object has no attribute 'value'") raised in repr()] Capability object at 0x140c7bd50>, <CapabilityType.MESSAGE_PROCESSING: 'message_processing'>}
kwargs = {}

    async def create_agent(
        self,
        agent_type: str,
        agent_id: Optional[str] = None,
        capabilities: Optional[Set[Capability]] = None,
        **kwargs
    ) -> BaseAgent:
        """Create a new agent instance.
    
        Args:
            agent_type: The type of agent to create.
            agent_id: Optional ID for the agent. If not provided, one will be generated.
            capabilities: Optional initial capabilities. If not provided, will use defaults.
            **kwargs: Additional arguments to pass to the agent constructor.
    
        Returns:
            BaseAgent: The created agent instance.
    
        Raises:
            ValueError: If the agent type is not registered.
            RuntimeError: If agent creation fails.
        """
        if agent_type not in self._agent_classes:
>           raise ValueError(f"Unknown agent type: {agent_type}")
E           ValueError: Unknown agent type: test_agent

agents/core/agent_factory.py:112: ValueError
__________________ ERROR at setup of test_capability_tracking __________________

factory = <agents.core.agent_factory.AgentFactory object at 0x140e54e90>

    @pytest_asyncio.fixture
    async def capability_agent(factory):
        """Create a capability tracking agent."""
        capabilities = {CapabilityType.KNOWLEDGE_GRAPH}
>       agent = await factory.create_agent("capability_agent", "test", capabilities)
                ^^^^^^^^^^^^^^^^^^^^^^^^^^^^^^^^^^^^^^^^^^^^^^^^^^^^^^^^^^^^^^^^^^^^

tests/test_dynamic_agents.py:79: 
_ _ _ _ _ _ _ _ _ _ _ _ _ _ _ _ _ _ _ _ _ _ _ _ _ _ _ _ _ _ _ _ _ _ _ _ _ _ _ _ 

self = <agents.core.agent_factory.AgentFactory object at 0x140e54e90>
agent_type = 'capability_agent', agent_id = 'test'
capabilities = {<CapabilityType.KNOWLEDGE_GRAPH: 'knowledge_graph'>}
kwargs = {}

    async def create_agent(
        self,
        agent_type: str,
        agent_id: Optional[str] = None,
        capabilities: Optional[Set[Capability]] = None,
        **kwargs
    ) -> BaseAgent:
        """Create a new agent instance.
    
        Args:
            agent_type: The type of agent to create.
            agent_id: Optional ID for the agent. If not provided, one will be generated.
            capabilities: Optional initial capabilities. If not provided, will use defaults.
            **kwargs: Additional arguments to pass to the agent constructor.
    
        Returns:
            BaseAgent: The created agent instance.
    
        Raises:
            ValueError: If the agent type is not registered.
            RuntimeError: If agent creation fails.
        """
        if agent_type not in self._agent_classes:
>           raise ValueError(f"Unknown agent type: {agent_type}")
E           ValueError: Unknown agent type: capability_agent

agents/core/agent_factory.py:112: ValueError
______________ ERROR at setup of test_knowledge_graph_operations _______________

factory = <agents.core.agent_factory.AgentFactory object at 0x140b32cd0>

    @pytest_asyncio.fixture
    async def capability_agent(factory):
        """Create a capability tracking agent."""
        capabilities = {CapabilityType.KNOWLEDGE_GRAPH}
>       agent = await factory.create_agent("capability_agent", "test", capabilities)
                ^^^^^^^^^^^^^^^^^^^^^^^^^^^^^^^^^^^^^^^^^^^^^^^^^^^^^^^^^^^^^^^^^^^^

tests/test_dynamic_agents.py:79: 
_ _ _ _ _ _ _ _ _ _ _ _ _ _ _ _ _ _ _ _ _ _ _ _ _ _ _ _ _ _ _ _ _ _ _ _ _ _ _ _ 

self = <agents.core.agent_factory.AgentFactory object at 0x140b32cd0>
agent_type = 'capability_agent', agent_id = 'test'
capabilities = {<CapabilityType.KNOWLEDGE_GRAPH: 'knowledge_graph'>}
kwargs = {}

    async def create_agent(
        self,
        agent_type: str,
        agent_id: Optional[str] = None,
        capabilities: Optional[Set[Capability]] = None,
        **kwargs
    ) -> BaseAgent:
        """Create a new agent instance.
    
        Args:
            agent_type: The type of agent to create.
            agent_id: Optional ID for the agent. If not provided, one will be generated.
            capabilities: Optional initial capabilities. If not provided, will use defaults.
            **kwargs: Additional arguments to pass to the agent constructor.
    
        Returns:
            BaseAgent: The created agent instance.
    
        Raises:
            ValueError: If the agent type is not registered.
            RuntimeError: If agent creation fails.
        """
        if agent_type not in self._agent_classes:
>           raise ValueError(f"Unknown agent type: {agent_type}")
E           ValueError: Unknown agent type: capability_agent

agents/core/agent_factory.py:112: ValueError
________________ ERROR at setup of test_integration_management _________________

    @pytest_asyncio.fixture
    async def setup_integration_test():
        """Set up test environment for integration testing."""
        registry = AgentRegistry()
        knowledge_graph = Graph()
        factory = AgentFactory(registry, knowledge_graph)
    
        # Register test agent templates
        await factory.register_agent_template(
            "integration_test",
            TestIntegrationAgent,
>           {CapabilityType.INTEGRATION_MANAGEMENT}
             ^^^^^^^^^^^^^^^^^^^^^^^^^^^^^^^^^^^^^
        )

tests/test_integration_management.py:117: 
_ _ _ _ _ _ _ _ _ _ _ _ _ _ _ _ _ _ _ _ _ _ _ _ _ _ _ _ _ _ _ _ _ _ _ _ _ _ _ _ 

cls = <enum 'CapabilityType'>, name = 'INTEGRATION_MANAGEMENT'

    def __getattr__(cls, name):
        """
        Return the enum member matching `name`
    
        We use __getattr__ instead of descriptors or inserting into the enum
        class' __dict__ in order to support `name` and `value` being both
        properties for enum members (which live in the class' __dict__) and
        enum members themselves.
        """
        if _is_dunder(name):
            raise AttributeError(name)
        try:
            return cls._member_map_[name]
        except KeyError:
>           raise AttributeError(name) from None
E           AttributeError: INTEGRATION_MANAGEMENT

/Library/Frameworks/Python.framework/Versions/3.11/lib/python3.11/enum.py:784: AttributeError
___________________ ERROR at setup of test_module_management ___________________

    @pytest_asyncio.fixture
    async def setup_integration_test():
        """Set up test environment for integration testing."""
        registry = AgentRegistry()
        knowledge_graph = Graph()
        factory = AgentFactory(registry, knowledge_graph)
    
        # Register test agent templates
        await factory.register_agent_template(
            "integration_test",
            TestIntegrationAgent,
>           {CapabilityType.INTEGRATION_MANAGEMENT}
             ^^^^^^^^^^^^^^^^^^^^^^^^^^^^^^^^^^^^^
        )

tests/test_integration_management.py:117: 
_ _ _ _ _ _ _ _ _ _ _ _ _ _ _ _ _ _ _ _ _ _ _ _ _ _ _ _ _ _ _ _ _ _ _ _ _ _ _ _ 

cls = <enum 'CapabilityType'>, name = 'INTEGRATION_MANAGEMENT'

    def __getattr__(cls, name):
        """
        Return the enum member matching `name`
    
        We use __getattr__ instead of descriptors or inserting into the enum
        class' __dict__ in order to support `name` and `value` being both
        properties for enum members (which live in the class' __dict__) and
        enum members themselves.
        """
        if _is_dunder(name):
            raise AttributeError(name)
        try:
            return cls._member_map_[name]
        except KeyError:
>           raise AttributeError(name) from None
E           AttributeError: INTEGRATION_MANAGEMENT

/Library/Frameworks/Python.framework/Versions/3.11/lib/python3.11/enum.py:784: AttributeError
__________________ ERROR at setup of test_integration_metrics __________________

    @pytest_asyncio.fixture
    async def setup_integration_test():
        """Set up test environment for integration testing."""
        registry = AgentRegistry()
        knowledge_graph = Graph()
        factory = AgentFactory(registry, knowledge_graph)
    
        # Register test agent templates
        await factory.register_agent_template(
            "integration_test",
            TestIntegrationAgent,
>           {CapabilityType.INTEGRATION_MANAGEMENT}
             ^^^^^^^^^^^^^^^^^^^^^^^^^^^^^^^^^^^^^
        )

tests/test_integration_management.py:117: 
_ _ _ _ _ _ _ _ _ _ _ _ _ _ _ _ _ _ _ _ _ _ _ _ _ _ _ _ _ _ _ _ _ _ _ _ _ _ _ _ 

cls = <enum 'CapabilityType'>, name = 'INTEGRATION_MANAGEMENT'

    def __getattr__(cls, name):
        """
        Return the enum member matching `name`
    
        We use __getattr__ instead of descriptors or inserting into the enum
        class' __dict__ in order to support `name` and `value` being both
        properties for enum members (which live in the class' __dict__) and
        enum members themselves.
        """
        if _is_dunder(name):
            raise AttributeError(name)
        try:
            return cls._member_map_[name]
        except KeyError:
>           raise AttributeError(name) from None
E           AttributeError: INTEGRATION_MANAGEMENT

/Library/Frameworks/Python.framework/Versions/3.11/lib/python3.11/enum.py:784: AttributeError
____ ERROR at setup of TestPerformance.test_message_processing_performance _____

self = <tests.test_performance.TestPerformance object at 0x1121b4310>

    @pytest_asyncio.fixture
    async def setup_performance_test(self):
        """Set up test environment for performance testing."""
        knowledge_graph = Graph()
>       agent = TestPerformanceAgent(
            "test_performance_agent",
            capabilities={
                Capability(CapabilityType.TASK_EXECUTION, "1.0"),
                Capability(CapabilityType.KNOWLEDGE_GRAPH_QUERY, "1.0"),
                Capability(CapabilityType.KNOWLEDGE_GRAPH_UPDATE, "1.0")
            }
        )
E       TypeError: Can't instantiate abstract class TestPerformanceAgent with abstract method _process_message_impl

tests/test_performance.py:67: TypeError
_________ ERROR at setup of TestPerformance.test_concurrent_operations _________

self = <tests.test_performance.TestPerformance object at 0x1121b4b90>

    @pytest_asyncio.fixture
    async def setup_performance_test(self):
        """Set up test environment for performance testing."""
        knowledge_graph = Graph()
>       agent = TestPerformanceAgent(
            "test_performance_agent",
            capabilities={
                Capability(CapabilityType.TASK_EXECUTION, "1.0"),
                Capability(CapabilityType.KNOWLEDGE_GRAPH_QUERY, "1.0"),
                Capability(CapabilityType.KNOWLEDGE_GRAPH_UPDATE, "1.0")
            }
        )
E       TypeError: Can't instantiate abstract class TestPerformanceAgent with abstract method _process_message_impl

tests/test_performance.py:67: TypeError
____________ ERROR at setup of TestPerformance.test_resource_usage _____________

self = <tests.test_performance.TestPerformance object at 0x1121b5550>

    @pytest_asyncio.fixture
    async def setup_performance_test(self):
        """Set up test environment for performance testing."""
        knowledge_graph = Graph()
>       agent = TestPerformanceAgent(
            "test_performance_agent",
            capabilities={
                Capability(CapabilityType.TASK_EXECUTION, "1.0"),
                Capability(CapabilityType.KNOWLEDGE_GRAPH_QUERY, "1.0"),
                Capability(CapabilityType.KNOWLEDGE_GRAPH_UPDATE, "1.0")
            }
        )
E       TypeError: Can't instantiate abstract class TestPerformanceAgent with abstract method _process_message_impl

tests/test_performance.py:67: TypeError
_________ ERROR at setup of TestPerformance.test_recovery_performance __________

self = <tests.test_performance.TestPerformance object at 0x1121b57d0>

    @pytest_asyncio.fixture
    async def setup_performance_test(self):
        """Set up test environment for performance testing."""
        knowledge_graph = Graph()
>       agent = TestPerformanceAgent(
            "test_performance_agent",
            capabilities={
                Capability(CapabilityType.TASK_EXECUTION, "1.0"),
                Capability(CapabilityType.KNOWLEDGE_GRAPH_QUERY, "1.0"),
                Capability(CapabilityType.KNOWLEDGE_GRAPH_UPDATE, "1.0")
            }
        )
E       TypeError: Can't instantiate abstract class TestPerformanceAgent with abstract method _process_message_impl

tests/test_performance.py:67: TypeError
____________________ ERROR at setup of test_security_levels ____________________

    @pytest_asyncio.fixture
    async def setup_security_test():
        """Set up test environment for security testing."""
        registry = AgentRegistry()
        knowledge_graph = Graph()
        factory = AgentFactory(registry, knowledge_graph)
    
        # Register test agent template
        await factory.register_agent_template(
            "security_test",
            TestSecurityAgent,
>           {CapabilityType.SECURITY_CHECK}
             ^^^^^^^^^^^^^^^^^^^^^^^^^^^^^
        )

tests/test_security_audit.py:72: 
_ _ _ _ _ _ _ _ _ _ _ _ _ _ _ _ _ _ _ _ _ _ _ _ _ _ _ _ _ _ _ _ _ _ _ _ _ _ _ _ 

cls = <enum 'CapabilityType'>, name = 'SECURITY_CHECK'

    def __getattr__(cls, name):
        """
        Return the enum member matching `name`
    
        We use __getattr__ instead of descriptors or inserting into the enum
        class' __dict__ in order to support `name` and `value` being both
        properties for enum members (which live in the class' __dict__) and
        enum members themselves.
        """
        if _is_dunder(name):
            raise AttributeError(name)
        try:
            return cls._member_map_[name]
        except KeyError:
>           raise AttributeError(name) from None
E           AttributeError: SECURITY_CHECK

/Library/Frameworks/Python.framework/Versions/3.11/lib/python3.11/enum.py:784: AttributeError
_____________________ ERROR at setup of test_audit_logging _____________________

    @pytest_asyncio.fixture
    async def setup_security_test():
        """Set up test environment for security testing."""
        registry = AgentRegistry()
        knowledge_graph = Graph()
        factory = AgentFactory(registry, knowledge_graph)
    
        # Register test agent template
        await factory.register_agent_template(
            "security_test",
            TestSecurityAgent,
>           {CapabilityType.SECURITY_CHECK}
             ^^^^^^^^^^^^^^^^^^^^^^^^^^^^^
        )

tests/test_security_audit.py:72: 
_ _ _ _ _ _ _ _ _ _ _ _ _ _ _ _ _ _ _ _ _ _ _ _ _ _ _ _ _ _ _ _ _ _ _ _ _ _ _ _ 

cls = <enum 'CapabilityType'>, name = 'SECURITY_CHECK'

    def __getattr__(cls, name):
        """
        Return the enum member matching `name`
    
        We use __getattr__ instead of descriptors or inserting into the enum
        class' __dict__ in order to support `name` and `value` being both
        properties for enum members (which live in the class' __dict__) and
        enum members themselves.
        """
        if _is_dunder(name):
            raise AttributeError(name)
        try:
            return cls._member_map_[name]
        except KeyError:
>           raise AttributeError(name) from None
E           AttributeError: SECURITY_CHECK

/Library/Frameworks/Python.framework/Versions/3.11/lib/python3.11/enum.py:784: AttributeError
___________________ ERROR at setup of test_security_metrics ____________________

    @pytest_asyncio.fixture
    async def setup_security_test():
        """Set up test environment for security testing."""
        registry = AgentRegistry()
        knowledge_graph = Graph()
        factory = AgentFactory(registry, knowledge_graph)
    
        # Register test agent template
        await factory.register_agent_template(
            "security_test",
            TestSecurityAgent,
>           {CapabilityType.SECURITY_CHECK}
             ^^^^^^^^^^^^^^^^^^^^^^^^^^^^^
        )

tests/test_security_audit.py:72: 
_ _ _ _ _ _ _ _ _ _ _ _ _ _ _ _ _ _ _ _ _ _ _ _ _ _ _ _ _ _ _ _ _ _ _ _ _ _ _ _ 

cls = <enum 'CapabilityType'>, name = 'SECURITY_CHECK'

    def __getattr__(cls, name):
        """
        Return the enum member matching `name`
    
        We use __getattr__ instead of descriptors or inserting into the enum
        class' __dict__ in order to support `name` and `value` being both
        properties for enum members (which live in the class' __dict__) and
        enum members themselves.
        """
        if _is_dunder(name):
            raise AttributeError(name)
        try:
            return cls._member_map_[name]
        except KeyError:
>           raise AttributeError(name) from None
E           AttributeError: SECURITY_CHECK

/Library/Frameworks/Python.framework/Versions/3.11/lib/python3.11/enum.py:784: AttributeError
__________________ ERROR at setup of test_agent_registration ___________________

registry = <agents.core.agent_registry.AgentRegistry object at 0x142d83610>

    @pytest_asyncio.fixture
    async def setup_agents(registry):
        """Set up test agents with their capabilities."""
        agents = {
            "research": ResearchTestAgent(),
>           "data_processor": DataProcessorTestAgent(),
                              ^^^^^^^^^^^^^^^^^^^^^^^^
            "sensor": SensorTestAgent()
        }
E       TypeError: DataProcessorTestAgent.__init__() missing 1 required positional argument: 'agent_id'

tests/test_workflow_manager.py:42: TypeError
__________________ ERROR at setup of test_workflow_execution ___________________
file /Users/nicholasbaro/Python/semant/tests/test_workflow_manager.py, line 148
  @pytest.mark.asyncio
  async def test_workflow_execution(workflow_manager, test_agents):
      # Create and register workflow
      workflow = Workflow(
          workflow_id="exec_workflow",
          name="Execution Workflow",
          description="Workflow for execution testing",
          required_capabilities={
              Capability(CapabilityType.TASK_EXECUTION, "1.0"),
              Capability(CapabilityType.MONITORING, "1.0")
          }
      )
      await workflow_manager.register_workflow(workflow)

      # Register agents
      await workflow_manager.register_agent(test_agents["worker"])
      await workflow_manager.register_agent(test_agents["monitor"])

      # Execute workflow
      execution = await workflow_manager.execute_workflow("exec_workflow")
      assert execution is not None
      assert execution.workflow_id == "exec_workflow"
      assert execution.status == "running"

      # Verify agent assignments
      assignments = await workflow_manager.get_workflow_assignments("exec_workflow")
      assert len(assignments) == 2
      assert any(a.agent_id == "worker_1" for a in assignments)
      assert any(a.agent_id == "monitor_1" for a in assignments)
E       fixture 'test_agents' not found
>       available fixtures: _class_event_loop, _function_event_loop, _module_event_loop, _package_event_loop, _session_event_loop, agent_factory, agent_registry, anyio_backend, anyio_backend_name, anyio_backend_options, cache, capfd, capfdbinary, caplog, capsys, capsysbinary, capteesys, class_mocker, cov, doctest_namespace, event_loop, event_loop_policy, free_tcp_port, free_tcp_port_factory, free_udp_port, free_udp_port_factory, knowledge_graph, mocker, module_mocker, monkeypatch, no_cover, package_mocker, pytestconfig, record_property, record_testsuite_property, record_xml_attribute, recwarn, registry, session_mocker, setup_agents, test_agent, test_capabilities, test_config, tmp_path, tmp_path_factory, tmpdir, tmpdir_factory, unused_tcp_port, unused_tcp_port_factory, unused_udp_port, unused_udp_port_factory, workflow_manager
>       use 'pytest --fixtures [testpath]' for help on them.

/Users/nicholasbaro/Python/semant/tests/test_workflow_manager.py:148
_________________ ERROR at setup of test_workflow_supervision __________________
file /Users/nicholasbaro/Python/semant/tests/test_workflow_manager.py, line 178
  @pytest.mark.asyncio
  async def test_workflow_supervision(workflow_manager, test_agents):
      # Create and register workflow
      workflow = Workflow(
          workflow_id="supervised_workflow",
          name="Supervised Workflow",
          description="Workflow with supervision",
          required_capabilities={
              Capability(CapabilityType.SUPERVISION, "1.0"),
              Capability(CapabilityType.TASK_EXECUTION, "1.0")
          }
      )
      await workflow_manager.register_workflow(workflow)

      # Register agents
      await workflow_manager.register_agent(test_agents["supervisor"])
      await workflow_manager.register_agent(test_agents["worker"])

      # Execute workflow
      execution = await workflow_manager.execute_workflow("supervised_workflow")
      assert execution is not None
      assert execution.workflow_id == "supervised_workflow"

      # Verify supervisor assignment
      assignments = await workflow_manager.get_workflow_assignments("supervised_workflow")
      assert len(assignments) == 2
      supervisor = next(a for a in assignments if a.agent_id == "supervisor_1")
      assert supervisor is not None
      capabilities = await supervisor.get_capabilities()
      assert any(c.type == CapabilityType.SUPERVISION for c in capabilities)
E       fixture 'test_agents' not found
>       available fixtures: _class_event_loop, _function_event_loop, _module_event_loop, _package_event_loop, _session_event_loop, agent_factory, agent_registry, anyio_backend, anyio_backend_name, anyio_backend_options, cache, capfd, capfdbinary, caplog, capsys, capsysbinary, capteesys, class_mocker, cov, doctest_namespace, event_loop, event_loop_policy, free_tcp_port, free_tcp_port_factory, free_udp_port, free_udp_port_factory, knowledge_graph, mocker, module_mocker, monkeypatch, no_cover, package_mocker, pytestconfig, record_property, record_testsuite_property, record_xml_attribute, recwarn, registry, session_mocker, setup_agents, test_agent, test_capabilities, test_config, tmp_path, tmp_path_factory, tmpdir, tmpdir_factory, unused_tcp_port, unused_tcp_port_factory, unused_udp_port, unused_udp_port_factory, workflow_manager
>       use 'pytest --fixtures [testpath]' for help on them.

/Users/nicholasbaro/Python/semant/tests/test_workflow_manager.py:178
______________ ERROR at setup of test_anomaly_detection_workflow _______________

registry = <agents.core.agent_registry.AgentRegistry object at 0x142c89150>

    @pytest_asyncio.fixture
    async def setup_agents(registry):
        """Set up test agents with their capabilities."""
        agents = {
            "research": ResearchTestAgent(),
>           "data_processor": DataProcessorTestAgent(),
                              ^^^^^^^^^^^^^^^^^^^^^^^^
            "sensor": SensorTestAgent()
        }
E       TypeError: DataProcessorTestAgent.__init__() missing 1 required positional argument: 'agent_id'

tests/test_workflow_manager.py:42: TypeError
_____________ ERROR at setup of test_workflow_dependency_execution _____________

registry = <agents.core.agent_registry.AgentRegistry object at 0x142da6690>

    @pytest_asyncio.fixture
    async def setup_agents(registry):
        """Set up test agents with their capabilities."""
        agents = {
            "research": ResearchTestAgent(),
>           "data_processor": DataProcessorTestAgent(),
                              ^^^^^^^^^^^^^^^^^^^^^^^^
            "sensor": SensorTestAgent()
        }
E       TypeError: DataProcessorTestAgent.__init__() missing 1 required positional argument: 'agent_id'

tests/test_workflow_manager.py:42: TypeError
_______________ ERROR at setup of test_workflow_timeout_handling _______________

registry = <agents.core.agent_registry.AgentRegistry object at 0x144222010>

    @pytest_asyncio.fixture
    async def setup_agents(registry):
        """Set up test agents with their capabilities."""
        agents = {
            "research": ResearchTestAgent(),
>           "data_processor": DataProcessorTestAgent(),
                              ^^^^^^^^^^^^^^^^^^^^^^^^
            "sensor": SensorTestAgent()
        }
E       TypeError: DataProcessorTestAgent.__init__() missing 1 required positional argument: 'agent_id'

tests/test_workflow_manager.py:42: TypeError
________________ ERROR at setup of test_workflow_error_recovery ________________

registry = <agents.core.agent_registry.AgentRegistry object at 0x142d5fa50>

    @pytest_asyncio.fixture
    async def setup_agents(registry):
        """Set up test agents with their capabilities."""
        agents = {
            "research": ResearchTestAgent(),
>           "data_processor": DataProcessorTestAgent(),
                              ^^^^^^^^^^^^^^^^^^^^^^^^
            "sensor": SensorTestAgent()
        }
E       TypeError: DataProcessorTestAgent.__init__() missing 1 required positional argument: 'agent_id'

tests/test_workflow_manager.py:42: TypeError
_________________ ERROR at setup of test_judge_evaluates_email _________________

    @pytest_asyncio.fixture
    async def setup_agents():
        kg = KnowledgeGraphManager()
        email_agent = VertexEmailAgent()
>       judge = JudgeAgent(kg=kg)
                ^^^^^^^^^^^^^^^^^
E       TypeError: JudgeAgent.__init__() got an unexpected keyword argument 'kg'

tests/unit/test_judge_agent.py:14: TypeError
=================================== FAILURES ===================================
_____________________________ test_register_agent ______________________________

integrator = <agents.core.agent_integrator.AgentIntegrator object at 0x12657bc10>
mock_agent = <tests.utils.test_agents.MockAgent object at 0x1266b7190>

    @pytest.mark.asyncio
    async def test_register_agent(integrator, mock_agent):
        """Test registering an agent."""
        await integrator.register_agent(mock_agent)
        assert mock_agent.agent_id in integrator.agents
        assert mock_agent.knowledge_graph is not None
>       capabilities = await mock_agent.capabilities
                             ^^^^^^^^^^^^^^^^^^^^^^^
E       AttributeError: 'MockAgent' object has no attribute 'capabilities'

tests/test_agent_integrator.py:37: AttributeError
---------------------------- Captured stderr setup -----------------------------
2025-06-09 21:22:18.967 | DEBUG    | kg.models.graph_manager:initialize:239 - Knowledge graph initialized
2025-06-09 21:22:18.970 | DEBUG    | agents.core.capability_types:initialize:133 - CapabilitySet initialized
2025-06-09 21:22:18.970 | DEBUG    | agents.core.base_agent:initialize:104 - Initialized agent scientificswarmagent_165855d2 with capabilities: set()
2025-06-09 21:22:18.970 | INFO     | scientific_swarm_agent:initialize:35 - Scientific Swarm Agent initialized
2025-06-09 21:22:18.970 | INFO     | scientific_swarm_agent:initialize:35 - Scientific Swarm Agent initialized
2025-06-09 21:22:18.970 | DEBUG    | agents.core.agent_registry:notify_agent_registered:183 - Notified agent registration for scientificswarmagent_165855d2
2025-06-09 21:22:18.972 | ERROR    | agents.core.agent_registry:_auto_discover_agents:372 - Error discovering agents in /Users/nicholasbaro/Python/semant/agents/core/../core/remote_kg_agent.py: expected an indented block after function definition on line 80 (remote_kg_agent.py, line 82)
2025-06-09 21:22:18.974 | ERROR    | agents.core.agent_registry:_auto_discover_agents:372 - Error discovering agents in /Users/nicholasbaro/Python/semant/agents/core/../core/agent_integrator.py: attempted relative import with no known parent package
2025-06-09 21:22:18.975 | ERROR    | agents.core.agent_registry:_auto_discover_agents:372 - Error discovering agents in /Users/nicholasbaro/Python/semant/agents/core/../core/multi_agent.py: MultiAgent.__init__() missing 2 required positional arguments: 'capabilities' and 'sub_agents'
2025-06-09 21:22:18.975 | ERROR    | agents.core.agent_registry:_auto_discover_agents:372 - Error discovering agents in /Users/nicholasbaro/Python/semant/agents/core/../core/feature_z_agent.py: expected an indented block after function definition on line 50 (feature_z_agent.py, line 52)
2025-06-09 21:22:18.979 | DEBUG    | agents.core.capability_types:initialize:133 - CapabilitySet initialized
2025-06-09 21:22:18.979 | DEBUG    | agents.core.capability_types:add:162 - Added capability: CapabilityType.MESSAGE_PROCESSING@1.0
2025-06-09 21:22:18.979 | DEBUG    | agents.core.base_agent:initialize:104 - Initialized agent sensoragent_b79f969e with capabilities: {Capability(type=message_processing, version=1.0, parameters={}, metadata={})}
2025-06-09 21:22:18.979 | INFO     | sensor_agent:initialize:20 - Sensor Agent initialized
2025-06-09 21:22:18.979 | INFO     | sensor_agent:initialize:20 - Sensor Agent initialized
2025-06-09 21:22:18.979 | DEBUG    | agents.core.agent_registry:notify_agent_registered:183 - Notified agent registration for sensoragent_b79f969e
2025-06-09 21:22:18.979 | DEBUG    | agents.core.capability_types:initialize:133 - CapabilitySet initialized
2025-06-09 21:22:18.979 | DEBUG    | agents.core.capability_types:add:162 - Added capability: CapabilityType.KNOWLEDGE_GRAPH_UPDATE@1.0
2025-06-09 21:22:18.979 | DEBUG    | agents.core.capability_types:add:162 - Added capability: CapabilityType.KNOWLEDGE_GRAPH_QUERY@1.0
2025-06-09 21:22:18.979 | DEBUG    | agents.core.capability_types:add:162 - Added capability: CapabilityType.CODE_REVIEW@1.0
2025-06-09 21:22:18.979 | DEBUG    | agents.core.base_agent:initialize:104 - Initialized agent agenticpromptagent_f3129d6e with capabilities: {Capability(type=knowledge_graph_update, version=1.0, parameters={}, metadata={}), Capability(type=knowledge_graph_query, version=1.0, parameters={}, metadata={}), Capability(type=code_review, version=1.0, parameters={}, metadata={})}
2025-06-09 21:22:18.979 | INFO     | agentic_prompt_agent:initialize:49 - Agentic Prompt Agent initialized
2025-06-09 21:22:18.979 | INFO     | agentic_prompt_agent:initialize:49 - Agentic Prompt Agent initialized
2025-06-09 21:22:18.979 | DEBUG    | agents.core.agent_registry:notify_agent_registered:183 - Notified agent registration for agenticpromptagent_f3129d6e
2025-06-09 21:22:18.980 | ERROR    | agents.core.agent_registry:_auto_discover_agents:372 - Error discovering agents in /Users/nicholasbaro/Python/semant/agents/core/../core/ttl_validation_agent.py: expected an indented block after function definition on line 40 (ttl_validation_agent.py, line 42)
2025-06-09 21:22:18.980 | INFO     | research_agent:initialize:25 - Research Agent initialized
2025-06-09 21:22:18.980 | ERROR    | agents.core.agent_registry:_auto_discover_agents:372 - Error discovering agents in /Users/nicholasbaro/Python/semant/agents/core/../core/research_agent.py: Agent not initialized. Call initialize() first.
2025-06-09 21:22:18.981 | ERROR    | agents.core.agent_registry:_auto_discover_agents:372 - Error discovering agents in /Users/nicholasbaro/Python/semant/agents/core/../core/workflow_monitor.py: attempted relative import with no known parent package
2025-06-09 21:22:18.981 | ERROR    | agents.core.agent_registry:_auto_discover_agents:372 - Error discovering agents in /Users/nicholasbaro/Python/semant/agents/core/../core/supervisor_agent.py: SupervisorAgent.__init__() missing 2 required positional arguments: 'registry' and 'knowledge_graph'
2025-06-09 21:22:18.983 | DEBUG    | agents.core.capability_types:initialize:133 - CapabilitySet initialized
2025-06-09 21:22:18.983 | DEBUG    | agents.core.capability_types:add:162 - Added capability: CapabilityType.MESSAGE_PROCESSING@1.0
2025-06-09 21:22:18.983 | DEBUG    | agents.core.base_agent:initialize:104 - Initialized agent dataprocessoragent_918679d7 with capabilities: {Capability(type=message_processing, version=1.0, parameters={}, metadata={})}
2025-06-09 21:22:18.983 | INFO     | data_processor_agent:initialize:20 - Data Processor Agent initialized
2025-06-09 21:22:18.983 | INFO     | data_processor_agent:initialize:20 - Data Processor Agent initialized
2025-06-09 21:22:18.983 | DEBUG    | agents.core.agent_registry:notify_agent_registered:183 - Notified agent registration for dataprocessoragent_918679d7
2025-06-09 21:22:19.602 | ERROR    | agents.core.agent_registry:_auto_discover_agents:372 - Error discovering agents in /Users/nicholasbaro/Python/semant/agents/core/../diary/example.py: No module named 'diary_agent'
2025-06-09 21:22:19.603 | DEBUG    | agents.core.capability_types:initialize:133 - CapabilitySet initialized
2025-06-09 21:22:19.603 | DEBUG    | agents.core.capability_types:add:162 - Added capability: CapabilityType.MESSAGE_PROCESSING@1.0
2025-06-09 21:22:19.604 | DEBUG    | agents.core.capability_types:add:162 - Added capability: CapabilityType.DECISION_MAKING@1.0
2025-06-09 21:22:19.604 | DEBUG    | agents.core.base_agent:initialize:104 - Initialized agent judgeagent_9fd8f7ee with capabilities: {Capability(type=message_processing, version=1.0, parameters={}, metadata={}), Capability(type=decision_making, version=1.0, parameters={}, metadata={})}
2025-06-09 21:22:19.604 | INFO     | judge_agent:initialize:39 - Judge Agent initialized
2025-06-09 21:22:19.604 | INFO     | judge_agent:initialize:39 - Judge Agent initialized
2025-06-09 21:22:19.604 | DEBUG    | agents.core.agent_registry:notify_agent_registered:183 - Notified agent registration for judgeagent_9fd8f7ee
2025-06-09 21:22:19.604 | DEBUG    | agents.core.capability_types:initialize:133 - CapabilitySet initialized
2025-06-09 21:22:19.604 | DEBUG    | agents.core.capability_types:add:162 - Added capability: CapabilityType.DIARY_MANAGEMENT@1.0
2025-06-09 21:22:19.604 | DEBUG    | agents.core.capability_types:add:162 - Added capability: CapabilityType.MESSAGE_PROCESSING@1.0
2025-06-09 21:22:19.604 | DEBUG    | agents.core.base_agent:initialize:104 - Initialized agent diaryagent_9d0f49e2 with capabilities: {Capability(type=diary_management, version=1.0, parameters={}, metadata={}), Capability(type=message_processing, version=1.0, parameters={}, metadata={})}
2025-06-09 21:22:19.604 | DEBUG    | agents.core.agent_registry:notify_agent_registered:183 - Notified agent registration for diaryagent_9d0f49e2
2025-06-09 21:22:19.605 | DEBUG    | agents.core.capability_types:initialize:133 - CapabilitySet initialized
2025-06-09 21:22:19.605 | DEBUG    | agents.core.capability_types:add:162 - Added capability: CapabilityType.PATTERN_ANALYSIS@1.0
2025-06-09 21:22:19.605 | DEBUG    | agents.core.capability_types:add:162 - Added capability: CapabilityType.STATIC_ANALYSIS@1.0
2025-06-09 21:22:19.605 | DEBUG    | agents.core.capability_types:add:162 - Added capability: CapabilityType.CODE_SMELL_DETECTION@1.0
2025-06-09 21:22:19.605 | DEBUG    | agents.core.capability_types:add:162 - Added capability: CapabilityType.CODE_QUALITY@1.0
2025-06-09 21:22:19.605 | DEBUG    | agents.core.capability_types:add:162 - Added capability: CapabilityType.CODE_REVIEW@1.0
2025-06-09 21:22:19.605 | DEBUG    | agents.core.base_agent:initialize:104 - Initialized agent codereviewagent_0e9ea65d with capabilities: {Capability(type=static_analysis, version=1.0, parameters={}, metadata={}), Capability(type=pattern_analysis, version=1.0, parameters={}, metadata={}), Capability(type=code_smell_detection, version=1.0, parameters={}, metadata={}), Capability(type=code_quality, version=1.0, parameters={}, metadata={}), Capability(type=code_review, version=1.0, parameters={}, metadata={})}
2025-06-09 21:22:19.605 | INFO     | agents.core.scientific_swarm_agent:initialize:35 - Scientific Swarm Agent initialized
2025-06-09 21:22:19.605 | INFO     | agents.domain.code_review_agent:initialize:48 - Code Review Agent initialized
2025-06-09 21:22:19.605 | INFO     | agents.core.scientific_swarm_agent:initialize:35 - Scientific Swarm Agent initialized
2025-06-09 21:22:19.605 | INFO     | agents.domain.code_review_agent:initialize:48 - Code Review Agent initialized
2025-06-09 21:22:19.605 | DEBUG    | agents.core.agent_registry:notify_agent_registered:183 - Notified agent registration for codereviewagent_0e9ea65d
2025-06-09 21:22:19.605 | DEBUG    | agents.core.capability_types:initialize:133 - CapabilitySet initialized
2025-06-09 21:22:19.605 | DEBUG    | agents.core.base_agent:initialize:104 - Initialized agent scientificswarmagent_8b47d2b2 with capabilities: set()
2025-06-09 21:22:19.605 | INFO     | agents.core.scientific_swarm_agent:initialize:35 - Scientific Swarm Agent initialized
2025-06-09 21:22:19.605 | INFO     | agents.core.scientific_swarm_agent:initialize:35 - Scientific Swarm Agent initialized
2025-06-09 21:22:19.605 | DEBUG    | agents.core.agent_registry:notify_agent_registered:183 - Notified agent registration for scientificswarmagent_8b47d2b2
2025-06-09 21:22:19.605 | ERROR    | agents.core.agent_registry:_auto_discover_agents:372 - Error discovering agents in /Users/nicholasbaro/Python/semant/agents/core/../domain/test_swarm_coordinator.py: TEST_ANALYSIS
2025-06-09 21:22:19.605 | DEBUG    | agents.core.capability_types:initialize:133 - CapabilitySet initialized
2025-06-09 21:22:19.605 | DEBUG    | agents.core.base_agent:initialize:104 - Initialized agent corporateknowledgeagent_6b810afb with capabilities: set()
2025-06-09 21:22:19.605 | INFO     | corporate_knowledge_agent:initialize:34 - Corporate Knowledge Agent initialized successfully
2025-06-09 21:22:19.605 | INFO     | corporate_knowledge_agent:initialize:34 - Corporate Knowledge Agent initialized successfully
2025-06-09 21:22:19.605 | DEBUG    | agents.core.agent_registry:notify_agent_registered:183 - Notified agent registration for corporateknowledgeagent_6b810afb
2025-06-09 21:22:19.606 | DEBUG    | agents.core.capability_types:initialize:133 - CapabilitySet initialized
2025-06-09 21:22:19.606 | DEBUG    | agents.core.base_agent:initialize:104 - Initialized agent vertexemailagent_004232a7 with capabilities: set()
2025-06-09 21:22:19.606 | INFO     | vertex_email_agent:initialize:19 - Vertex Email Agent initialized (simulation)
2025-06-09 21:22:19.606 | INFO     | vertex_email_agent:initialize:19 - Vertex Email Agent initialized (simulation)
2025-06-09 21:22:19.606 | DEBUG    | agents.core.agent_registry:notify_agent_registered:183 - Notified agent registration for vertexemailagent_004232a7
2025-06-09 21:22:19.606 | DEBUG    | agents.core.capability_types:initialize:133 - CapabilitySet initialized
2025-06-09 21:22:19.606 | DEBUG    | agents.core.capability_types:add:162 - Added capability: CapabilityType.PATTERN_ANALYSIS@1.0
2025-06-09 21:22:19.606 | DEBUG    | agents.core.capability_types:add:162 - Added capability: CapabilityType.STATIC_ANALYSIS@1.0
2025-06-09 21:22:19.606 | DEBUG    | agents.core.capability_types:add:162 - Added capability: CapabilityType.CODE_SMELL_DETECTION@1.0
2025-06-09 21:22:19.606 | DEBUG    | agents.core.capability_types:add:162 - Added capability: CapabilityType.CODE_QUALITY@1.0
2025-06-09 21:22:19.606 | DEBUG    | agents.core.capability_types:add:162 - Added capability: CapabilityType.CODE_REVIEW@1.0
2025-06-09 21:22:19.606 | DEBUG    | agents.core.base_agent:initialize:104 - Initialized agent codereviewagent_28d248e5 with capabilities: {Capability(type=static_analysis, version=1.0, parameters={}, metadata={}), Capability(type=pattern_analysis, version=1.0, parameters={}, metadata={}), Capability(type=code_smell_detection, version=1.0, parameters={}, metadata={}), Capability(type=code_quality, version=1.0, parameters={}, metadata={}), Capability(type=code_review, version=1.0, parameters={}, metadata={})}
2025-06-09 21:22:19.606 | INFO     | agents.core.scientific_swarm_agent:initialize:35 - Scientific Swarm Agent initialized
2025-06-09 21:22:19.606 | INFO     | code_review_agent:initialize:48 - Code Review Agent initialized
2025-06-09 21:22:19.606 | INFO     | agents.core.scientific_swarm_agent:initialize:35 - Scientific Swarm Agent initialized
2025-06-09 21:22:19.606 | INFO     | code_review_agent:initialize:48 - Code Review Agent initialized
2025-06-09 21:22:19.606 | DEBUG    | agents.core.agent_registry:notify_agent_registered:183 - Notified agent registration for codereviewagent_28d248e5
2025-06-09 21:22:19.606 | DEBUG    | agents.core.capability_types:initialize:133 - CapabilitySet initialized
2025-06-09 21:22:19.606 | DEBUG    | agents.core.base_agent:initialize:104 - Initialized agent scientificswarmagent_03de0a35 with capabilities: set()
2025-06-09 21:22:19.606 | INFO     | agents.core.scientific_swarm_agent:initialize:35 - Scientific Swarm Agent initialized
2025-06-09 21:22:19.606 | INFO     | agents.core.scientific_swarm_agent:initialize:35 - Scientific Swarm Agent initialized
2025-06-09 21:22:19.606 | DEBUG    | agents.core.agent_registry:notify_agent_registered:183 - Notified agent registration for scientificswarmagent_03de0a35
2025-06-09 21:22:19.606 | ERROR    | agents.core.agent_registry:_auto_discover_agents:372 - Error discovering agents in /Users/nicholasbaro/Python/semant/agents/core/../domain/simple_agents.py: Agent not initialized. Call initialize() first.
2025-06-09 21:22:19.607 | DEBUG    | agents.core.agent_registry:initialize:401 - AgentRegistry initialized
2025-06-09 21:22:19.607 | INFO     | agents.core.agent_integrator:initialize:20 - Agent registry initialized successfully
2025-06-09 21:22:19.607 | DEBUG    | agents.core.capability_types:initialize:133 - CapabilitySet initialized
2025-06-09 21:22:19.607 | DEBUG    | agents.core.capability_types:add:162 - Added capability: CapabilityType.DATA_PROCESSING@1.0
2025-06-09 21:22:19.607 | DEBUG    | agents.core.base_agent:initialize:104 - Initialized agent test_agent with capabilities: {Capability(type=data_processing, version=1.0, parameters={}, metadata={})}
----------------------------- Captured stderr call -----------------------------
2025-06-09 21:22:19.607 | DEBUG    | agents.core.agent_registry:notify_agent_registered:183 - Notified agent registration for test_agent
2025-06-09 21:22:19.607 | INFO     | agents.core.agent_integrator:register_agent:51 - Registered agent: test_agent
--------------------------- Captured stderr teardown ---------------------------
2025-06-09 21:22:19.690 | INFO     | agents.core.agent_registry:cleanup:109 - Starting WorkflowNotifier cleanup
2025-06-09 21:22:19.690 | INFO     | agents.core.agent_registry:_process_notifications:77 - Notification processor cancelled
2025-06-09 21:22:19.690 | INFO     | agents.core.agent_registry:cleanup:125 - WorkflowNotifier cleanup completed
2025-06-09 21:22:19.690 | INFO     | agents.core.agent_registry:cleanup:417 - AgentRegistry cleaned up
2025-06-09 21:22:19.690 | INFO     | agents.core.agent_registry:cleanup:109 - Starting WorkflowNotifier cleanup
2025-06-09 21:22:19.690 | INFO     | agents.core.agent_registry:cleanup:125 - WorkflowNotifier cleanup completed
2025-06-09 21:22:19.690 | INFO     | agents.core.agent_registry:cleanup:417 - AgentRegistry cleaned up
2025-06-09 21:22:19.690 | INFO     | agents.core.agent_registry:shutdown:783 - AgentRegistry shut down
______________________________ test_route_message ______________________________

integrator = <agents.core.agent_integrator.AgentIntegrator object at 0x1265b7d50>
mock_agent = <tests.utils.test_agents.MockAgent object at 0x13236bd50>

    @pytest.mark.asyncio
    async def test_route_message(integrator, mock_agent):
        """Test routing a message to an agent."""
        # Initialize agent first
        await mock_agent.initialize()
    
        # Register agent with explicit capabilities
        await integrator.register_agent(mock_agent)
    
        # Verify capabilities are registered
>       capabilities = await mock_agent.capabilities
                             ^^^^^^^^^^^^^^^^^^^^^^^
E       AttributeError: 'MockAgent' object has no attribute 'capabilities'

tests/test_agent_integrator.py:54: AttributeError
---------------------------- Captured stderr setup -----------------------------
2025-06-09 21:22:19.691 | DEBUG    | kg.models.graph_manager:initialize:239 - Knowledge graph initialized
2025-06-09 21:22:19.692 | DEBUG    | agents.core.capability_types:initialize:133 - CapabilitySet initialized
2025-06-09 21:22:19.692 | DEBUG    | agents.core.base_agent:initialize:104 - Initialized agent scientificswarmagent_ffa4c503 with capabilities: set()
2025-06-09 21:22:19.692 | INFO     | scientific_swarm_agent:initialize:35 - Scientific Swarm Agent initialized
2025-06-09 21:22:19.692 | INFO     | scientific_swarm_agent:initialize:35 - Scientific Swarm Agent initialized
2025-06-09 21:22:19.692 | DEBUG    | agents.core.agent_registry:notify_agent_registered:183 - Notified agent registration for scientificswarmagent_ffa4c503
2025-06-09 21:22:19.694 | ERROR    | agents.core.agent_registry:_auto_discover_agents:372 - Error discovering agents in /Users/nicholasbaro/Python/semant/agents/core/../core/remote_kg_agent.py: expected an indented block after function definition on line 80 (remote_kg_agent.py, line 82)
2025-06-09 21:22:19.695 | ERROR    | agents.core.agent_registry:_auto_discover_agents:372 - Error discovering agents in /Users/nicholasbaro/Python/semant/agents/core/../core/agent_integrator.py: attempted relative import with no known parent package
2025-06-09 21:22:19.695 | ERROR    | agents.core.agent_registry:_auto_discover_agents:372 - Error discovering agents in /Users/nicholasbaro/Python/semant/agents/core/../core/multi_agent.py: MultiAgent.__init__() missing 2 required positional arguments: 'capabilities' and 'sub_agents'
2025-06-09 21:22:19.696 | ERROR    | agents.core.agent_registry:_auto_discover_agents:372 - Error discovering agents in /Users/nicholasbaro/Python/semant/agents/core/../core/feature_z_agent.py: expected an indented block after function definition on line 50 (feature_z_agent.py, line 52)
2025-06-09 21:22:19.699 | DEBUG    | agents.core.capability_types:initialize:133 - CapabilitySet initialized
2025-06-09 21:22:19.699 | DEBUG    | agents.core.capability_types:add:162 - Added capability: CapabilityType.MESSAGE_PROCESSING@1.0
2025-06-09 21:22:19.699 | DEBUG    | agents.core.base_agent:initialize:104 - Initialized agent sensoragent_089c77ad with capabilities: {Capability(type=message_processing, version=1.0, parameters={}, metadata={})}
2025-06-09 21:22:19.699 | INFO     | sensor_agent:initialize:20 - Sensor Agent initialized
2025-06-09 21:22:19.699 | INFO     | sensor_agent:initialize:20 - Sensor Agent initialized
2025-06-09 21:22:19.699 | DEBUG    | agents.core.agent_registry:notify_agent_registered:183 - Notified agent registration for sensoragent_089c77ad
2025-06-09 21:22:19.699 | DEBUG    | agents.core.capability_types:initialize:133 - CapabilitySet initialized
2025-06-09 21:22:19.699 | DEBUG    | agents.core.capability_types:add:162 - Added capability: CapabilityType.KNOWLEDGE_GRAPH_UPDATE@1.0
2025-06-09 21:22:19.699 | DEBUG    | agents.core.capability_types:add:162 - Added capability: CapabilityType.KNOWLEDGE_GRAPH_QUERY@1.0
2025-06-09 21:22:19.699 | DEBUG    | agents.core.capability_types:add:162 - Added capability: CapabilityType.CODE_REVIEW@1.0
2025-06-09 21:22:19.699 | DEBUG    | agents.core.base_agent:initialize:104 - Initialized agent agenticpromptagent_5b3d3e1a with capabilities: {Capability(type=knowledge_graph_update, version=1.0, parameters={}, metadata={}), Capability(type=knowledge_graph_query, version=1.0, parameters={}, metadata={}), Capability(type=code_review, version=1.0, parameters={}, metadata={})}
2025-06-09 21:22:19.699 | INFO     | agentic_prompt_agent:initialize:49 - Agentic Prompt Agent initialized
2025-06-09 21:22:19.699 | INFO     | agentic_prompt_agent:initialize:49 - Agentic Prompt Agent initialized
2025-06-09 21:22:19.699 | DEBUG    | agents.core.agent_registry:notify_agent_registered:183 - Notified agent registration for agenticpromptagent_5b3d3e1a
2025-06-09 21:22:19.699 | ERROR    | agents.core.agent_registry:_auto_discover_agents:372 - Error discovering agents in /Users/nicholasbaro/Python/semant/agents/core/../core/ttl_validation_agent.py: expected an indented block after function definition on line 40 (ttl_validation_agent.py, line 42)
2025-06-09 21:22:19.700 | INFO     | research_agent:initialize:25 - Research Agent initialized
2025-06-09 21:22:19.700 | ERROR    | agents.core.agent_registry:_auto_discover_agents:372 - Error discovering agents in /Users/nicholasbaro/Python/semant/agents/core/../core/research_agent.py: Agent not initialized. Call initialize() first.
2025-06-09 21:22:19.700 | ERROR    | agents.core.agent_registry:_auto_discover_agents:372 - Error discovering agents in /Users/nicholasbaro/Python/semant/agents/core/../core/workflow_monitor.py: attempted relative import with no known parent package
2025-06-09 21:22:19.700 | ERROR    | agents.core.agent_registry:_auto_discover_agents:372 - Error discovering agents in /Users/nicholasbaro/Python/semant/agents/core/../core/supervisor_agent.py: SupervisorAgent.__init__() missing 2 required positional arguments: 'registry' and 'knowledge_graph'
2025-06-09 21:22:19.702 | DEBUG    | agents.core.capability_types:initialize:133 - CapabilitySet initialized
2025-06-09 21:22:19.702 | DEBUG    | agents.core.capability_types:add:162 - Added capability: CapabilityType.MESSAGE_PROCESSING@1.0
2025-06-09 21:22:19.702 | DEBUG    | agents.core.base_agent:initialize:104 - Initialized agent dataprocessoragent_b05ba373 with capabilities: {Capability(type=message_processing, version=1.0, parameters={}, metadata={})}
2025-06-09 21:22:19.702 | INFO     | data_processor_agent:initialize:20 - Data Processor Agent initialized
2025-06-09 21:22:19.702 | INFO     | data_processor_agent:initialize:20 - Data Processor Agent initialized
2025-06-09 21:22:19.702 | DEBUG    | agents.core.agent_registry:notify_agent_registered:183 - Notified agent registration for dataprocessoragent_b05ba373
2025-06-09 21:22:19.719 | ERROR    | agents.core.agent_registry:_auto_discover_agents:372 - Error discovering agents in /Users/nicholasbaro/Python/semant/agents/core/../diary/example.py: No module named 'diary_agent'
2025-06-09 21:22:19.720 | DEBUG    | agents.core.capability_types:initialize:133 - CapabilitySet initialized
2025-06-09 21:22:19.720 | DEBUG    | agents.core.capability_types:add:162 - Added capability: CapabilityType.MESSAGE_PROCESSING@1.0
2025-06-09 21:22:19.720 | DEBUG    | agents.core.capability_types:add:162 - Added capability: CapabilityType.DECISION_MAKING@1.0
2025-06-09 21:22:19.720 | DEBUG    | agents.core.base_agent:initialize:104 - Initialized agent judgeagent_a842d166 with capabilities: {Capability(type=message_processing, version=1.0, parameters={}, metadata={}), Capability(type=decision_making, version=1.0, parameters={}, metadata={})}
2025-06-09 21:22:19.720 | INFO     | judge_agent:initialize:39 - Judge Agent initialized
2025-06-09 21:22:19.720 | INFO     | judge_agent:initialize:39 - Judge Agent initialized
2025-06-09 21:22:19.720 | DEBUG    | agents.core.agent_registry:notify_agent_registered:183 - Notified agent registration for judgeagent_a842d166
2025-06-09 21:22:19.720 | DEBUG    | agents.core.capability_types:initialize:133 - CapabilitySet initialized
2025-06-09 21:22:19.720 | DEBUG    | agents.core.capability_types:add:162 - Added capability: CapabilityType.DIARY_MANAGEMENT@1.0
2025-06-09 21:22:19.720 | DEBUG    | agents.core.capability_types:add:162 - Added capability: CapabilityType.MESSAGE_PROCESSING@1.0
2025-06-09 21:22:19.720 | DEBUG    | agents.core.base_agent:initialize:104 - Initialized agent diaryagent_7873e591 with capabilities: {Capability(type=diary_management, version=1.0, parameters={}, metadata={}), Capability(type=message_processing, version=1.0, parameters={}, metadata={})}
2025-06-09 21:22:19.720 | DEBUG    | agents.core.agent_registry:notify_agent_registered:183 - Notified agent registration for diaryagent_7873e591
2025-06-09 21:22:19.720 | DEBUG    | agents.core.capability_types:initialize:133 - CapabilitySet initialized
2025-06-09 21:22:19.720 | DEBUG    | agents.core.capability_types:add:162 - Added capability: CapabilityType.PATTERN_ANALYSIS@1.0
2025-06-09 21:22:19.720 | DEBUG    | agents.core.capability_types:add:162 - Added capability: CapabilityType.STATIC_ANALYSIS@1.0
2025-06-09 21:22:19.720 | DEBUG    | agents.core.capability_types:add:162 - Added capability: CapabilityType.CODE_SMELL_DETECTION@1.0
2025-06-09 21:22:19.720 | DEBUG    | agents.core.capability_types:add:162 - Added capability: CapabilityType.CODE_QUALITY@1.0
2025-06-09 21:22:19.720 | DEBUG    | agents.core.capability_types:add:162 - Added capability: CapabilityType.CODE_REVIEW@1.0
2025-06-09 21:22:19.720 | DEBUG    | agents.core.base_agent:initialize:104 - Initialized agent codereviewagent_fb90f22d with capabilities: {Capability(type=static_analysis, version=1.0, parameters={}, metadata={}), Capability(type=pattern_analysis, version=1.0, parameters={}, metadata={}), Capability(type=code_smell_detection, version=1.0, parameters={}, metadata={}), Capability(type=code_quality, version=1.0, parameters={}, metadata={}), Capability(type=code_review, version=1.0, parameters={}, metadata={})}
2025-06-09 21:22:19.720 | INFO     | agents.core.scientific_swarm_agent:initialize:35 - Scientific Swarm Agent initialized
2025-06-09 21:22:19.720 | INFO     | agents.domain.code_review_agent:initialize:48 - Code Review Agent initialized
2025-06-09 21:22:19.720 | INFO     | agents.core.scientific_swarm_agent:initialize:35 - Scientific Swarm Agent initialized
2025-06-09 21:22:19.720 | INFO     | agents.domain.code_review_agent:initialize:48 - Code Review Agent initialized
2025-06-09 21:22:19.720 | DEBUG    | agents.core.agent_registry:notify_agent_registered:183 - Notified agent registration for codereviewagent_fb90f22d
2025-06-09 21:22:19.721 | DEBUG    | agents.core.capability_types:initialize:133 - CapabilitySet initialized
2025-06-09 21:22:19.721 | DEBUG    | agents.core.base_agent:initialize:104 - Initialized agent scientificswarmagent_e92294ef with capabilities: set()
2025-06-09 21:22:19.721 | INFO     | agents.core.scientific_swarm_agent:initialize:35 - Scientific Swarm Agent initialized
2025-06-09 21:22:19.721 | INFO     | agents.core.scientific_swarm_agent:initialize:35 - Scientific Swarm Agent initialized
2025-06-09 21:22:19.721 | DEBUG    | agents.core.agent_registry:notify_agent_registered:183 - Notified agent registration for scientificswarmagent_e92294ef
2025-06-09 21:22:19.721 | ERROR    | agents.core.agent_registry:_auto_discover_agents:372 - Error discovering agents in /Users/nicholasbaro/Python/semant/agents/core/../domain/test_swarm_coordinator.py: TEST_ANALYSIS
2025-06-09 21:22:19.721 | DEBUG    | agents.core.capability_types:initialize:133 - CapabilitySet initialized
2025-06-09 21:22:19.721 | DEBUG    | agents.core.base_agent:initialize:104 - Initialized agent corporateknowledgeagent_975de68d with capabilities: set()
2025-06-09 21:22:19.721 | INFO     | corporate_knowledge_agent:initialize:34 - Corporate Knowledge Agent initialized successfully
2025-06-09 21:22:19.721 | INFO     | corporate_knowledge_agent:initialize:34 - Corporate Knowledge Agent initialized successfully
2025-06-09 21:22:19.721 | DEBUG    | agents.core.agent_registry:notify_agent_registered:183 - Notified agent registration for corporateknowledgeagent_975de68d
2025-06-09 21:22:19.721 | DEBUG    | agents.core.capability_types:initialize:133 - CapabilitySet initialized
2025-06-09 21:22:19.721 | DEBUG    | agents.core.base_agent:initialize:104 - Initialized agent vertexemailagent_62b7179f with capabilities: set()
2025-06-09 21:22:19.721 | INFO     | vertex_email_agent:initialize:19 - Vertex Email Agent initialized (simulation)
2025-06-09 21:22:19.721 | INFO     | vertex_email_agent:initialize:19 - Vertex Email Agent initialized (simulation)
2025-06-09 21:22:19.721 | DEBUG    | agents.core.agent_registry:notify_agent_registered:183 - Notified agent registration for vertexemailagent_62b7179f
2025-06-09 21:22:19.721 | DEBUG    | agents.core.capability_types:initialize:133 - CapabilitySet initialized
2025-06-09 21:22:19.721 | DEBUG    | agents.core.capability_types:add:162 - Added capability: CapabilityType.PATTERN_ANALYSIS@1.0
2025-06-09 21:22:19.721 | DEBUG    | agents.core.capability_types:add:162 - Added capability: CapabilityType.STATIC_ANALYSIS@1.0
2025-06-09 21:22:19.721 | DEBUG    | agents.core.capability_types:add:162 - Added capability: CapabilityType.CODE_SMELL_DETECTION@1.0
2025-06-09 21:22:19.721 | DEBUG    | agents.core.capability_types:add:162 - Added capability: CapabilityType.CODE_QUALITY@1.0
2025-06-09 21:22:19.721 | DEBUG    | agents.core.capability_types:add:162 - Added capability: CapabilityType.CODE_REVIEW@1.0
2025-06-09 21:22:19.721 | DEBUG    | agents.core.base_agent:initialize:104 - Initialized agent codereviewagent_b326f279 with capabilities: {Capability(type=static_analysis, version=1.0, parameters={}, metadata={}), Capability(type=pattern_analysis, version=1.0, parameters={}, metadata={}), Capability(type=code_smell_detection, version=1.0, parameters={}, metadata={}), Capability(type=code_quality, version=1.0, parameters={}, metadata={}), Capability(type=code_review, version=1.0, parameters={}, metadata={})}
2025-06-09 21:22:19.721 | INFO     | agents.core.scientific_swarm_agent:initialize:35 - Scientific Swarm Agent initialized
2025-06-09 21:22:19.721 | INFO     | code_review_agent:initialize:48 - Code Review Agent initialized
2025-06-09 21:22:19.721 | INFO     | agents.core.scientific_swarm_agent:initialize:35 - Scientific Swarm Agent initialized
2025-06-09 21:22:19.721 | INFO     | code_review_agent:initialize:48 - Code Review Agent initialized
2025-06-09 21:22:19.721 | DEBUG    | agents.core.agent_registry:notify_agent_registered:183 - Notified agent registration for codereviewagent_b326f279
2025-06-09 21:22:19.721 | DEBUG    | agents.core.capability_types:initialize:133 - CapabilitySet initialized
[...]
  See https://docs.pytest.org/en/stable/how-to/capture-warnings.html#resource-warnings for more info.
    warnings.warn(pytest.PytestUnraisableExceptionWarning(msg))

-- Docs: https://docs.pytest.org/en/stable/how-to/capture-warnings.html
=========================== short test summary info ============================
FAILED tests/test_agent_integrator.py::test_register_agent - AttributeError: 'MockAgent' object has no attribute 'capabilities'
FAILED tests/test_agent_integrator.py::test_route_message - AttributeError: 'MockAgent' object has no attribute 'capabilities'
FAILED tests/test_agent_integrator.py::test_broadcast_message - assert 13 == 1
 +  where 13 = len([AgentMessage(message_id='49fb237d-8ea0-455c-887c-3dbe206ef6d7', sender_id='scientificswarmagent_8dbc3434', recipient_id='sender', content="Agent scientificswarmagent_8dbc3434 processed: {'test': 'data'}", message_type='test', timestamp=datetime.datetime(2025, 6, 9, 21, 22, 19, 755476), metadata=None), AgentMessage(message_id='1f9afebb-a952-4c76-ab35-a83949fa2337', sender_id='sensoragent_a8a9565b', recipient_id='sender', content={'error': 'Missing sensor_id or reading.'}, message_type='sensor_response', timestamp=datetime.datetime(2025, 6, 9, 21, 22, 19, 755456), metadata=None), AgentMessage(message_id='7cc848bb-341c-47f6-b17e-1cc743fa2639', sender_id='agenticpromptagent_f4a704a5', recipient_id='sender', content={'status': 'unknown_message_type', 'original_type': 'test'}, message_type='error_response', timestamp=datetime.datetime(2025, 6, 9, 21, 22, 19, 755456), metadata=None), AgentMessage(message_id='a0f8a76d-8727-4d5f-8769-9eaa8160b180', sender_id='dataprocessoragent_8eb29a71', recipient_id='sender', content={'error': 'No data provided.'}, message_type='data_processor_response', timestamp=datetime.datetime(2025, 6, 9, 21, 22, 19, 755456), metadata=None), <agents.core.base_agent.AgentMessage object at 0x12667ecd0>, <agents.core.base_agent.AgentMessage object at 0x13244c490>, AgentMessage(message_id='38bfc433-b54a-4a50-aa7b-7dc532f84229', sender_id='codereviewagent_74524312', recipient_id='sender', content="Code Review Agent codereviewagent_74524312 processed: {'test': 'data'}", message_type='test', timestamp=datetime.datetime(2025, 6, 9, 21, 22, 19, 755540), metadata=None), AgentMessage(message_id='86c3e23a-d973-4e7a-a03e-08d185cce42c', sender_id='scientificswarmagent_014075fd', recipient_id='sender', content="Agent scientificswarmagent_014075fd processed: {'test': 'data'}", message_type='test', timestamp=datetime.datetime(2025, 6, 9, 21, 22, 19, 755551), metadata=None), AgentMessage(message_id='0f5ba4aa-d5a6-44b5-9e7d-64b797480a6e', sender_id='corporateknowledgeagent_eab68eb5', recipient_id='sender', content={'status': 'error', 'message': 'Unknown message type'}, message_type='error_response', timestamp=datetime.datetime(2025, 6, 9, 21, 22, 19, 755456), metadata=None), AgentMessage(message_id='c2b8fb1b-5dcc-4226-b9f2-0b323388c964', sender_id='vertexemailagent_93a45d95', recipient_id='sender', content={'message': "Agent vertexemailagent_93a45d95 processed: {'test': 'data'}"}, message_type='test', timestamp=datetime.datetime(2025, 6, 9, 21, 22, 19, 755569), metadata=None), AgentMessage(message_id='66020689-f83f-4b4f-b818-9f2e0169c0d3', sender_id='codereviewagent_6b2f2212', recipient_id='sender', content="Code Review Agent codereviewagent_6b2f2212 processed: {'test': 'data'}", message_type='test', timestamp=datetime.datetime(2025, 6, 9, 21, 22, 19, 755577), metadata=None), AgentMessage(message_id='d71e5bcf-3e90-44ab-a86d-7ae785faddd3', sender_id='scientificswarmagent_b19020c7', recipient_id='sender', content="Agent scientificswarmagent_b19020c7 processed: {'test': 'data'}", message_type='test', timestamp=datetime.datetime(2025, 6, 9, 21, 22, 19, 755585), metadata=None), <agents.core.base_agent.AgentMessage object at 0x13244f850>])
FAILED tests/test_agent_integrator.py::test_get_agent_status - KeyError: 'agent_id'
FAILED tests/test_agent_integrator.py::test_get_all_agent_statuses - KeyError: 'agent_type'
FAILED tests/test_agent_integrator.py::test_knowledge_graph_updates - assert 0 > 0
 +  where 0 = len([])
FAILED tests/test_agent_integrator.py::test_knowledge_graph_queries - AttributeError: 'MockAgent' object has no attribute 'get_knowledge_graph_queries'
FAILED tests/test_agent_integrator.py::test_process_message_called_during_routing - AssertionError: assert {'status': 'success'} == {'status': 'processed'}
  
  Differing items:
  {'status': 'success'} != {'status': 'processed'}
  
  Full diff:
    {
  -     'status': 'processed',
  ?                ^^^    --
  +     'status': 'success',
  ?                ^^^
    }
FAILED tests/test_capability_handling.py::test_capability_type_conversion - assert False
 +  where False = isinstance(CapabilitySet(capabilities={Capability(type=data_processing, version=1.0, parameters={}, metadata={}), Capability(type=sensor_reading, version=1.0, parameters={}, metadata={}), Capability(type=code_review, version=1.0, parameters={}, metadata={})}), set)
FAILED tests/test_capability_handling.py::test_registry_capability_handling - assert False
 +  where False = isinstance(CapabilitySet(capabilities={Capability(type=data_processing, version=1.0, parameters={}, metadata={}), Capability(type=sensor_reading, version=1.0, parameters={}, metadata={}), Capability(type=code_review, version=1.0, parameters={}, metadata={})}), set)
FAILED tests/test_capability_handling.py::test_capability_consistency - KeyError: <CapabilityType.CODE_REVIEW: 'code_review'>
FAILED tests/test_capability_handling.py::test_capability_edge_cases - KeyError: <CapabilityType.CODE_REVIEW: 'code_review'>
FAILED tests/test_consulting_agents.py::test_engagement_initialization - TypeError: object dict can't be used in 'await' expression
FAILED tests/test_consulting_agents.py::test_strategy_development - TypeError: object dict can't be used in 'await' expression
FAILED tests/test_consulting_agents.py::test_implementation_planning - TypeError: object dict can't be used in 'await' expression
FAILED tests/test_consulting_agents.py::test_value_framework_development - TypeError: object dict can't be used in 'await' expression
FAILED tests/test_consulting_agents.py::test_end_to_end_engagement - TypeError: object dict can't be used in 'await' expression
FAILED tests/test_consulting_agents.py::test_knowledge_graph_consistency - TypeError: object dict can't be used in 'await' expression
FAILED tests/test_consulting_agents.py::test_agent_diary_functionality - TypeError: object dict can't be used in 'await' expression
FAILED tests/test_consulting_agents.py::test_agent_diary_in_knowledge_graph - TypeError: object dict can't be used in 'await' expression
FAILED tests/test_dynamic_agents.py::test_agent_creation - ValueError: Unknown agent type: agent1
FAILED tests/test_dynamic_agents.py::test_role_delegation - ValueError: Unknown agent type: supervisor
FAILED tests/test_dynamic_agents.py::test_agent_scaling - ValueError: Unknown agent type: worker_0
FAILED tests/test_dynamic_agents.py::test_supervisor_agent - ValueError: Unknown agent type: supervisor
FAILED tests/test_dynamic_agents.py::test_workload_monitoring - ValueError: Unknown agent type: monitor
FAILED tests/test_email_send.py::test_email - Failed: Expected None, but test returned False. Did you mean to use `assert` instead of `return`?
FAILED tests/test_graph_monitoring.py::test_stats_collection - TypeError: 'coroutine' object is not subscriptable
FAILED tests/test_graph_monitoring.py::test_cache_monitoring - assert 0 > 0
FAILED tests/test_graph_monitoring.py::test_performance_monitoring - TypeError: 'coroutine' object is not subscriptable
FAILED tests/test_prompt_agent.py::TestPromptAgent::test_prompt_generation - AssertionError: assert 'error' == 'prompt_response'
  
  - prompt_response
  + error
FAILED tests/test_prompt_agent.py::TestPromptAgent::test_knowledge_graph_integration - AssertionError: assert (rdflib.term.URIRef('prompt:code_review'), rdflib.term.URIRef('http://www.w3.org/2000/01/rdf-schema#label'), rdflib.term.Literal('Code Review Prompt')) in <Graph identifier=N870a2042a8c847c1af86fe7563fdcc43 (<class 'rdflib.graph.Graph'>)>
FAILED tests/test_prompt_agent.py::TestPromptAgent::test_prompt_validation - AssertionError: assert 'missing required fields' in 'missing required prompt parameters'
 +  where 'missing required prompt parameters' = <built-in method lower of str object at 0x110ff4750>()
 +    where <built-in method lower of str object at 0x110ff4750> = 'Missing required prompt parameters'.lower
FAILED tests/test_prompt_agent.py::TestPromptAgent::test_prompt_metrics - AssertionError: assert 'error_response' == 'metrics_response'
  
  - metrics_response
  + error_response
FAILED tests/test_reasoner.py::test_investigate_research_topic - NameError: name 'URIRef' is not defined
FAILED tests/test_reasoner.py::test_find_topic_entries - NameError: name 'URIRef' is not defined
FAILED tests/test_reasoner.py::test_find_related_papers - NameError: name 'URIRef' is not defined
FAILED tests/test_reasoner.py::test_extract_key_insights - NameError: name 'URIRef' is not defined
FAILED tests/test_reasoner.py::test_traverse_knowledge_graph - NameError: name 'URIRef' is not defined
FAILED tests/test_research_agent.py::test_process_message - RuntimeError: Agent not initialized. Call initialize() first.
FAILED tests/test_research_agent.py::test_test_agent_initialization - AssertionError: assert 'research_test_agent' == 'test_research_agent'
  
  - test_research_agent
  + research_test_agent
FAILED tests/test_research_agent.py::test_test_agent_message_history - AssertionError: assert 'success' == 'research_completed'
  
  - research_completed
  + success
FAILED tests/test_research_agent.py::test_test_agent_knowledge_graph - AssertionError: assert {'data': {'subject': 'test_subject', 'predicate': 'test_predicate', 'object': 'test_object'}, 'timestamp': 1749518620.174051} == {'subject': 'test_subject', 'predicate': 'test_predicate', 'object': 'test_object'}
  
  Left contains 2 more items:
  {'data': {'object': 'test_object',
            'predicate': 'test_predicate',
            'subject': 'test_subject'},
   'timestamp': 1749518620.174051}
  Right contains 3 more items:
  {'object': 'test_object',
   'predicate': 'test_predicate',
   'subject': 'test_subject'}
  
  Full diff:
    {
  +     'data': {
  -     'object': 'test_object',
  +         'object': 'test_object',
  ? ++++
  -     'predicate': 'test_predicate',
  +         'predicate': 'test_predicate',
  ? ++++
  -     'subject': 'test_subject',
  +         'subject': 'test_subject',
  ? ++++
  +     },
  +     'timestamp': 1749518620.174051,
    }
FAILED tests/test_research_agent.py::test_process_message_without_topic - RuntimeError: Agent not initialized. Call initialize() first.
FAILED tests/test_research_agent.py::test_process_message_with_topic - RuntimeError: Agent not initialized. Call initialize() first.
FAILED tests/test_research_agent.py::test_confidence_scoring - RuntimeError: Agent not initialized. Call initialize() first.
FAILED tests/test_research_agent.py::test_evidence_tracking - RuntimeError: Agent not initialized. Call initialize() first.
FAILED tests/test_research_agent.py::test_multiple_research_paths - RuntimeError: Agent not initialized. Call initialize() first.
FAILED tests/test_research_agent.py::test_error_handling - RuntimeError: Agent not initialized. Call initialize() first.
FAILED tests/test_research_agent.py::test_reasoner_integration - RuntimeError: Agent not initialized. Call initialize() first.
FAILED tests/test_research_agent.py::test_research_findings_persistence - RuntimeError: Agent not initialized. Call initialize() first.
FAILED tests/test_vertex_auth.py::test_credentials - Failed: Expected None, but test returned True. Did you mean to use `assert` instead of `return`?
FAILED tests/test_vertex_auth.py::test_vertex_initialization - Failed: Expected None, but test returned True. Did you mean to use `assert` instead of `return`?
FAILED tests/test_vertex_auth.py::test_model_access - Failed: Expected None, but test returned False. Did you mean to use `assert` instead of `return`?
FAILED tests/test_vertex_integration.py::test_vertex_initialization - Failed: Expected None, but test returned True. Did you mean to use `assert` instead of `return`?
FAILED tests/test_vertex_integration.py::test_invalid_message_type - assert None == 'error'
 +  where None = <built-in method get of dict object at 0x142c4b780>('status')
 +    where <built-in method get of dict object at 0x142c4b780> = {'message': "Agent vertex_email_agent processed: {'invalid': 'content'}"}.get
 +      where {'message': "Agent vertex_email_agent processed: {'invalid': 'content'}"} = AgentMessage(message_id='8fa75d27-f161-4209-bbd8-e7a26cdf228a', sender_id='vertex_email_agent', recipient_id='test_sender', content={'message': "Agent vertex_email_agent processed: {'invalid': 'content'}"}, message_type='invalid_type', timestamp=datetime.datetime(2025, 6, 9, 21, 23, 40, 689336), metadata=None).content
FAILED tests/test_vertex_integration.py::test_knowledge_graph_integration - AssertionError: assert 'knowledge_graph' in {'status': 'sent', 'recipient': 'test@example.com', 'subject': 'Test Subject', 'body': 'Test Body'}
 +  where {'status': 'sent', 'recipient': 'test@example.com', 'subject': 'Test Subject', 'body': 'Test Body'} = AgentMessage(message_id='2ecd29e9-270e-45be-9a0f-15e4274da029', sender_id='vertex_email_agent', recipient_id='test_sender', content={'status': 'sent', 'recipient': 'test@example.com', 'subject': 'Test Subject', 'body': 'Test Body'}, message_type='send_email_response', timestamp=datetime.datetime(2025, 6, 9, 21, 23, 40, 694934), metadata=None).content
FAILED tests/test_vertex_integration.py::test_error_handling - AssertionError: assert 'sent' == 'error'
  
  - error
  + sent
FAILED tests/test_vertex_integration.py::test_empty_subject_and_body - AssertionError: assert 'sent' == 'error'
  
  - error
  + sent
FAILED tests/test_vertex_integration.py::test_credentials - Failed: Expected None, but test returned True. Did you mean to use `assert` instead of `return`?
FAILED tests/test_vertex_integration.py::test_model_access - Failed: Expected None, but test returned True. Did you mean to use `assert` instead of `return`?
FAILED tests/test_workflow_manager.py::test_workflow_creation - AttributeError: MONITORING
FAILED tests/test_workflow_manager.py::test_workflow_assembly - TypeError: Object of type Capability is not JSON serializable
FAILED tests/test_workflow_manager.py::test_workflow_validation - KeyError: 'valid'
FAILED tests/test_workflow_manager.py::test_load_balancing - TypeError: Object of type Capability is not JSON serializable
FAILED tests/test_workflow_manager.py::test_workflow_metrics - TypeError: Object of type Capability is not JSON serializable
FAILED tests/test_workflow_manager.py::test_registry_state_consistency - TypeError: Object of type Capability is not JSON serializable
FAILED tests/test_workflow_manager.py::test_concurrent_registration_and_assembly - TypeError: Object of type Capability is not JSON serializable
FAILED tests/test_workflow_manager.py::test_registry_recovery - TypeError: Object of type Capability is not JSON serializable
FAILED tests/test_workflow_manager.py::test_capability_conflicts - TypeError: Object of type Capability is not JSON serializable
FAILED tests/test_workflow_manager.py::test_registry_persistence - TypeError: Object of type Capability is not JSON serializable
FAILED tests/test_workflow_manager.py::test_transaction_atomicity - TypeError: WorkflowManager.create_workflow() missing 1 required positional argument: 'description'
FAILED tests/test_workflow_manager.py::test_retry_logic - TypeError: WorkflowManager.create_workflow() missing 1 required positional argument: 'description'
FAILED tests/test_workflow_manager.py::test_concurrent_transactions - TypeError: WorkflowManager.create_workflow() missing 1 required positional argument: 'description'
FAILED tests/test_workflow_manager.py::test_transaction_timeout - TypeError: WorkflowManager.create_workflow() missing 1 required positional argument: 'description'
FAILED tests/test_workflow_persistence.py::test_workflow_persistence_versioning - assert 0 == 2
 +  where 0 = len([])
FAILED tests/test_workflow_persistence.py::test_workflow_persistence_recovery - KeyError: 'metadata'
FAILED tests/test_workflow_persistence.py::test_workflow_monitoring - TypeError: 'float' object is not subscriptable
FAILED tests/test_workflow_persistence.py::test_workflow_manager_integration - AssertionError: assert <WorkflowStatus.ASSEMBLED: 'assembled'> == 'error'
  
  - error
  + assembled
FAILED tests/unit/test_test_agents.py::test_test_agent_initialization - assert 1 == 2
 +  where 1 = len(CapabilitySet(capabilities={Capability(type=message_processing, version=1.0, parameters={}, metadata={})}))
FAILED tests/unit/test_test_agents.py::test_test_agent_process_message - AttributeError: 'dict' object has no attribute 'sender_id'
ERROR tests/test_dynamic_agents.py::test_agent_initialization - ValueError: Unknown agent type: test_agent
ERROR tests/test_dynamic_agents.py::test_capability_tracking - ValueError: Unknown agent type: capability_agent
ERROR tests/test_dynamic_agents.py::test_knowledge_graph_operations - ValueError: Unknown agent type: capability_agent
ERROR tests/test_integration_management.py::test_integration_management - AttributeError: INTEGRATION_MANAGEMENT
ERROR tests/test_integration_management.py::test_module_management - AttributeError: INTEGRATION_MANAGEMENT
ERROR tests/test_integration_management.py::test_integration_metrics - AttributeError: INTEGRATION_MANAGEMENT
ERROR tests/test_performance.py::TestPerformance::test_message_processing_performance - TypeError: Can't instantiate abstract class TestPerformanceAgent with abstract method _process_message_impl
ERROR tests/test_performance.py::TestPerformance::test_concurrent_operations - TypeError: Can't instantiate abstract class TestPerformanceAgent with abstract method _process_message_impl
ERROR tests/test_performance.py::TestPerformance::test_resource_usage - TypeError: Can't instantiate abstract class TestPerformanceAgent with abstract method _process_message_impl
ERROR tests/test_performance.py::TestPerformance::test_recovery_performance - TypeError: Can't instantiate abstract class TestPerformanceAgent with abstract method _process_message_impl
ERROR tests/test_security_audit.py::test_security_levels - AttributeError: SECURITY_CHECK
ERROR tests/test_security_audit.py::test_audit_logging - AttributeError: SECURITY_CHECK
ERROR tests/test_security_audit.py::test_security_metrics - AttributeError: SECURITY_CHECK
ERROR tests/test_workflow_manager.py::test_agent_registration - TypeError: DataProcessorTestAgent.__init__() missing 1 required positional argument: 'agent_id'
ERROR tests/test_workflow_manager.py::test_workflow_execution
ERROR tests/test_workflow_manager.py::test_workflow_supervision
ERROR tests/test_workflow_manager.py::test_anomaly_detection_workflow - TypeError: DataProcessorTestAgent.__init__() missing 1 required positional argument: 'agent_id'
ERROR tests/test_workflow_manager.py::test_workflow_dependency_execution - TypeError: DataProcessorTestAgent.__init__() missing 1 required positional argument: 'agent_id'
ERROR tests/test_workflow_manager.py::test_workflow_timeout_handling - TypeError: DataProcessorTestAgent.__init__() missing 1 required positional argument: 'agent_id'
ERROR tests/test_workflow_manager.py::test_workflow_error_recovery - TypeError: DataProcessorTestAgent.__init__() missing 1 required positional argument: 'agent_id'
ERROR tests/unit/test_judge_agent.py::test_judge_evaluates_email - TypeError: JudgeAgent.__init__() got an unexpected keyword argument 'kg'
====== 80 failed, 142 passed, 210 warnings, 21 errors in 85.42s (0:01:25) ======
